CRITICAL - 2022-04-06 20:30:07 --> Call to undefined method CodeIgniter\Session\Session::userdata()
#0 C:\xampp\htdocs\lppd\vendor\codeigniter4\framework\system\View\View.php(210): include()
#1 C:\xampp\htdocs\lppd\vendor\codeigniter4\framework\system\View\View.php(213): CodeIgniter\View\View->CodeIgniter\View\{closure}()
#2 C:\xampp\htdocs\lppd\vendor\codeigniter4\framework\system\View\View.php(226): CodeIgniter\View\View->render('layout/seanthem...', Array, true)
#3 C:\xampp\htdocs\lppd\vendor\codeigniter4\framework\system\Common.php(1089): CodeIgniter\View\View->render('rumus/index_rum...', Array, true)
#4 C:\xampp\htdocs\lppd\app\Controllers\Rumus.php(61): view('rumus/index_rum...', Array)
#5 C:\xampp\htdocs\lppd\vendor\codeigniter4\framework\system\CodeIgniter.php(825): App\Controllers\Rumus->index()
#6 C:\xampp\htdocs\lppd\vendor\codeigniter4\framework\system\CodeIgniter.php(412): CodeIgniter\CodeIgniter->runController(Object(App\Controllers\Rumus))
#7 C:\xampp\htdocs\lppd\vendor\codeigniter4\framework\system\CodeIgniter.php(320): CodeIgniter\CodeIgniter->handleRequest(NULL, Object(Config\Cache), false)
#8 C:\xampp\htdocs\lppd\public\index.php(37): CodeIgniter\CodeIgniter->run()
#9 {main}
CRITICAL - 2022-04-06 20:30:13 --> Call to a member function userdata() on null
#0 C:\xampp\htdocs\lppd\vendor\codeigniter4\framework\system\View\View.php(210): include()
#1 C:\xampp\htdocs\lppd\vendor\codeigniter4\framework\system\View\View.php(213): CodeIgniter\View\View->CodeIgniter\View\{closure}()
#2 C:\xampp\htdocs\lppd\vendor\codeigniter4\framework\system\View\View.php(226): CodeIgniter\View\View->render('layout/seanthem...', Array, true)
#3 C:\xampp\htdocs\lppd\vendor\codeigniter4\framework\system\Common.php(1089): CodeIgniter\View\View->render('rumus/index_rum...', Array, true)
#4 C:\xampp\htdocs\lppd\app\Controllers\Rumus.php(61): view('rumus/index_rum...', Array)
#5 C:\xampp\htdocs\lppd\vendor\codeigniter4\framework\system\CodeIgniter.php(825): App\Controllers\Rumus->index()
#6 C:\xampp\htdocs\lppd\vendor\codeigniter4\framework\system\CodeIgniter.php(412): CodeIgniter\CodeIgniter->runController(Object(App\Controllers\Rumus))
#7 C:\xampp\htdocs\lppd\vendor\codeigniter4\framework\system\CodeIgniter.php(320): CodeIgniter\CodeIgniter->handleRequest(NULL, Object(Config\Cache), false)
#8 C:\xampp\htdocs\lppd\public\index.php(37): CodeIgniter\CodeIgniter->run()
#9 {main}
