ERROR - 2022-02-16 01:50:18 --> Unknown column 'par_name' in 'where clause'
CRITICAL - 2022-02-16 01:50:18 --> Unknown column 'par_name' in 'where clause'
#0 C:\xampp\htdocs\lppd\vendor\codeigniter4\framework\system\Database\MySQLi\Connection.php(292): mysqli->query('select * from s...', 0)
#1 C:\xampp\htdocs\lppd\vendor\codeigniter4\framework\system\Database\BaseConnection.php(670): CodeIgniter\Database\MySQLi\Connection->execute('select * from s...')
#2 C:\xampp\htdocs\lppd\vendor\codeigniter4\framework\system\Database\BaseConnection.php(598): CodeIgniter\Database\BaseConnection->simpleQuery('select * from s...')
#3 C:\xampp\htdocs\lppd\app\Helpers\wf_helper.php(6): CodeIgniter\Database\BaseConnection->query('select * from s...')
#4 C:\xampp\htdocs\lppd\app\Views\layout\seantheme.php(9): wfApp('APP_NAME')
#5 C:\xampp\htdocs\lppd\vendor\codeigniter4\framework\system\View\View.php(210): include('C:\\xampp\\htdocs...')
#6 C:\xampp\htdocs\lppd\vendor\codeigniter4\framework\system\View\View.php(213): CodeIgniter\View\View->CodeIgniter\View\{closure}()
#7 C:\xampp\htdocs\lppd\vendor\codeigniter4\framework\system\View\View.php(226): CodeIgniter\View\View->render('layout/seanthem...', Array, true)
#8 C:\xampp\htdocs\lppd\vendor\codeigniter4\framework\system\Common.php(1089): CodeIgniter\View\View->render('syuser/index_sy...', Array, true)
#9 C:\xampp\htdocs\lppd\app\Controllers\SyUser.php(66): view('syuser/index_sy...', Array)
#10 C:\xampp\htdocs\lppd\vendor\codeigniter4\framework\system\CodeIgniter.php(825): App\Controllers\SyUser->index()
#11 C:\xampp\htdocs\lppd\vendor\codeigniter4\framework\system\CodeIgniter.php(412): CodeIgniter\CodeIgniter->runController(Object(App\Controllers\SyUser))
#12 C:\xampp\htdocs\lppd\vendor\codeigniter4\framework\system\CodeIgniter.php(320): CodeIgniter\CodeIgniter->handleRequest(NULL, Object(Config\Cache), false)
#13 C:\xampp\htdocs\lppd\public\index.php(37): CodeIgniter\CodeIgniter->run()
#14 {main}
ERROR - 2022-02-16 01:50:22 --> Table 'lppd.sy_config' doesn't exist
CRITICAL - 2022-02-16 01:50:22 --> Table 'lppd.sy_config' doesn't exist
#0 C:\xampp\htdocs\lppd\vendor\codeigniter4\framework\system\Database\MySQLi\Connection.php(292): mysqli->query('SELECT COUNT(*)...', 0)
#1 C:\xampp\htdocs\lppd\vendor\codeigniter4\framework\system\Database\BaseConnection.php(670): CodeIgniter\Database\MySQLi\Connection->execute('SELECT COUNT(*)...')
#2 C:\xampp\htdocs\lppd\vendor\codeigniter4\framework\system\Database\BaseConnection.php(598): CodeIgniter\Database\BaseConnection->simpleQuery('SELECT COUNT(*)...')
#3 C:\xampp\htdocs\lppd\vendor\codeigniter4\framework\system\Database\BaseBuilder.php(1539): CodeIgniter\Database\BaseConnection->query('SELECT COUNT(*)...', Array, false)
#4 C:\xampp\htdocs\lppd\vendor\codeigniter4\framework\system\Model.php(509): CodeIgniter\Database\BaseBuilder->countAllResults(false)
#5 C:\xampp\htdocs\lppd\vendor\codeigniter4\framework\system\BaseModel.php(1084): CodeIgniter\Model->countAllResults(false)
#6 C:\xampp\htdocs\lppd\app\Controllers\SyConfig.php(43): CodeIgniter\BaseModel->paginate(5, 'paging')
#7 C:\xampp\htdocs\lppd\vendor\codeigniter4\framework\system\CodeIgniter.php(825): App\Controllers\SyConfig->index()
#8 C:\xampp\htdocs\lppd\vendor\codeigniter4\framework\system\CodeIgniter.php(412): CodeIgniter\CodeIgniter->runController(Object(App\Controllers\SyConfig))
#9 C:\xampp\htdocs\lppd\vendor\codeigniter4\framework\system\CodeIgniter.php(320): CodeIgniter\CodeIgniter->handleRequest(NULL, Object(Config\Cache), false)
#10 C:\xampp\htdocs\lppd\public\index.php(37): CodeIgniter\CodeIgniter->run()
#11 {main}
ERROR - 2022-02-16 01:50:46 --> Unknown column 'par_name' in 'where clause'
CRITICAL - 2022-02-16 01:50:46 --> Unknown column 'par_name' in 'where clause'
#0 C:\xampp\htdocs\lppd\vendor\codeigniter4\framework\system\Database\MySQLi\Connection.php(292): mysqli->query('select * from s...', 0)
#1 C:\xampp\htdocs\lppd\vendor\codeigniter4\framework\system\Database\BaseConnection.php(670): CodeIgniter\Database\MySQLi\Connection->execute('select * from s...')
#2 C:\xampp\htdocs\lppd\vendor\codeigniter4\framework\system\Database\BaseConnection.php(598): CodeIgniter\Database\BaseConnection->simpleQuery('select * from s...')
#3 C:\xampp\htdocs\lppd\app\Helpers\wf_helper.php(6): CodeIgniter\Database\BaseConnection->query('select * from s...')
#4 C:\xampp\htdocs\lppd\app\Views\layout\seantheme.php(9): wfApp('APP_NAME')
#5 C:\xampp\htdocs\lppd\vendor\codeigniter4\framework\system\View\View.php(210): include('C:\\xampp\\htdocs...')
#6 C:\xampp\htdocs\lppd\vendor\codeigniter4\framework\system\View\View.php(213): CodeIgniter\View\View->CodeIgniter\View\{closure}()
#7 C:\xampp\htdocs\lppd\vendor\codeigniter4\framework\system\View\View.php(226): CodeIgniter\View\View->render('layout/seanthem...', Array, true)
#8 C:\xampp\htdocs\lppd\vendor\codeigniter4\framework\system\Common.php(1089): CodeIgniter\View\View->render('sycategory/inde...', Array, true)
#9 C:\xampp\htdocs\lppd\app\Controllers\SyCategory.php(60): view('sycategory/inde...', Array)
#10 C:\xampp\htdocs\lppd\vendor\codeigniter4\framework\system\CodeIgniter.php(825): App\Controllers\SyCategory->index()
#11 C:\xampp\htdocs\lppd\vendor\codeigniter4\framework\system\CodeIgniter.php(412): CodeIgniter\CodeIgniter->runController(Object(App\Controllers\SyCategory))
#12 C:\xampp\htdocs\lppd\vendor\codeigniter4\framework\system\CodeIgniter.php(320): CodeIgniter\CodeIgniter->handleRequest(NULL, Object(Config\Cache), false)
#13 C:\xampp\htdocs\lppd\public\index.php(37): CodeIgniter\CodeIgniter->run()
#14 {main}
ERROR - 2022-02-16 01:51:59 --> Unknown column 'par_name' in 'where clause'
CRITICAL - 2022-02-16 01:51:59 --> Unknown column 'par_name' in 'where clause'
#0 C:\xampp\htdocs\lppd\vendor\codeigniter4\framework\system\Database\MySQLi\Connection.php(292): mysqli->query('select * from s...', 0)
#1 C:\xampp\htdocs\lppd\vendor\codeigniter4\framework\system\Database\BaseConnection.php(670): CodeIgniter\Database\MySQLi\Connection->execute('select * from s...')
#2 C:\xampp\htdocs\lppd\vendor\codeigniter4\framework\system\Database\BaseConnection.php(598): CodeIgniter\Database\BaseConnection->simpleQuery('select * from s...')
#3 C:\xampp\htdocs\lppd\app\Helpers\wf_helper.php(6): CodeIgniter\Database\BaseConnection->query('select * from s...')
#4 C:\xampp\htdocs\lppd\app\Views\layout\seantheme.php(9): wfApp('APP_NAME')
#5 C:\xampp\htdocs\lppd\vendor\codeigniter4\framework\system\View\View.php(210): include('C:\\xampp\\htdocs...')
#6 C:\xampp\htdocs\lppd\vendor\codeigniter4\framework\system\View\View.php(213): CodeIgniter\View\View->CodeIgniter\View\{closure}()
#7 C:\xampp\htdocs\lppd\vendor\codeigniter4\framework\system\View\View.php(226): CodeIgniter\View\View->render('layout/seanthem...', Array, true)
#8 C:\xampp\htdocs\lppd\vendor\codeigniter4\framework\system\Common.php(1089): CodeIgniter\View\View->render('sycategory/inde...', Array, true)
#9 C:\xampp\htdocs\lppd\app\Controllers\SyCategory.php(60): view('sycategory/inde...', Array)
#10 C:\xampp\htdocs\lppd\vendor\codeigniter4\framework\system\CodeIgniter.php(825): App\Controllers\SyCategory->index()
#11 C:\xampp\htdocs\lppd\vendor\codeigniter4\framework\system\CodeIgniter.php(412): CodeIgniter\CodeIgniter->runController(Object(App\Controllers\SyCategory))
#12 C:\xampp\htdocs\lppd\vendor\codeigniter4\framework\system\CodeIgniter.php(320): CodeIgniter\CodeIgniter->handleRequest(NULL, Object(Config\Cache), false)
#13 C:\xampp\htdocs\lppd\public\index.php(37): CodeIgniter\CodeIgniter->run()
#14 {main}
ERROR - 2022-02-16 01:52:11 --> Unknown column 'par_name' in 'where clause'
CRITICAL - 2022-02-16 01:52:11 --> Unknown column 'par_name' in 'where clause'
#0 C:\xampp\htdocs\lppd\vendor\codeigniter4\framework\system\Database\MySQLi\Connection.php(292): mysqli->query('select * from s...', 0)
#1 C:\xampp\htdocs\lppd\vendor\codeigniter4\framework\system\Database\BaseConnection.php(670): CodeIgniter\Database\MySQLi\Connection->execute('select * from s...')
#2 C:\xampp\htdocs\lppd\vendor\codeigniter4\framework\system\Database\BaseConnection.php(598): CodeIgniter\Database\BaseConnection->simpleQuery('select * from s...')
#3 C:\xampp\htdocs\lppd\app\Helpers\wf_helper.php(6): CodeIgniter\Database\BaseConnection->query('select * from s...')
#4 C:\xampp\htdocs\lppd\app\Views\layout\seantheme.php(9): wfApp('APP_NAME')
#5 C:\xampp\htdocs\lppd\vendor\codeigniter4\framework\system\View\View.php(210): include('C:\\xampp\\htdocs...')
#6 C:\xampp\htdocs\lppd\vendor\codeigniter4\framework\system\View\View.php(213): CodeIgniter\View\View->CodeIgniter\View\{closure}()
#7 C:\xampp\htdocs\lppd\vendor\codeigniter4\framework\system\View\View.php(226): CodeIgniter\View\View->render('layout/seanthem...', Array, true)
#8 C:\xampp\htdocs\lppd\vendor\codeigniter4\framework\system\Common.php(1089): CodeIgniter\View\View->render('syuser/index_sy...', Array, true)
#9 C:\xampp\htdocs\lppd\app\Controllers\SyUser.php(66): view('syuser/index_sy...', Array)
#10 C:\xampp\htdocs\lppd\vendor\codeigniter4\framework\system\CodeIgniter.php(825): App\Controllers\SyUser->index()
#11 C:\xampp\htdocs\lppd\vendor\codeigniter4\framework\system\CodeIgniter.php(412): CodeIgniter\CodeIgniter->runController(Object(App\Controllers\SyUser))
#12 C:\xampp\htdocs\lppd\vendor\codeigniter4\framework\system\CodeIgniter.php(320): CodeIgniter\CodeIgniter->handleRequest(NULL, Object(Config\Cache), false)
#13 C:\xampp\htdocs\lppd\public\index.php(37): CodeIgniter\CodeIgniter->run()
#14 {main}
CRITICAL - 2022-02-16 01:58:25 --> Call to a member function getQuery() on bool
#0 C:\xampp\htdocs\lppd\vendor\codeigniter4\framework\system\CodeIgniter.php(825): App\Controllers\SyParsys->create_action()
#1 C:\xampp\htdocs\lppd\vendor\codeigniter4\framework\system\CodeIgniter.php(412): CodeIgniter\CodeIgniter->runController(Object(App\Controllers\SyParsys))
#2 C:\xampp\htdocs\lppd\vendor\codeigniter4\framework\system\CodeIgniter.php(320): CodeIgniter\CodeIgniter->handleRequest(NULL, Object(Config\Cache), false)
#3 C:\xampp\htdocs\lppd\public\index.php(37): CodeIgniter\CodeIgniter->run()
#4 {main}
CRITICAL - 2022-02-16 01:59:17 --> Undefined variable: builder
#0 C:\xampp\htdocs\lppd\app\Controllers\SyParsys.php(104): CodeIgniter\Debug\Exceptions->errorHandler(8, 'Undefined varia...', 'C:\\xampp\\htdocs...', 104, Array)
#1 C:\xampp\htdocs\lppd\vendor\codeigniter4\framework\system\CodeIgniter.php(825): App\Controllers\SyParsys->create_action()
#2 C:\xampp\htdocs\lppd\vendor\codeigniter4\framework\system\CodeIgniter.php(412): CodeIgniter\CodeIgniter->runController(Object(App\Controllers\SyParsys))
#3 C:\xampp\htdocs\lppd\vendor\codeigniter4\framework\system\CodeIgniter.php(320): CodeIgniter\CodeIgniter->handleRequest(NULL, Object(Config\Cache), false)
#4 C:\xampp\htdocs\lppd\public\index.php(37): CodeIgniter\CodeIgniter->run()
#5 {main}
CRITICAL - 2022-02-16 02:02:28 --> Call to undefined method CodeIgniter\Database\MySQLi\Connection::last_query()
#0 C:\xampp\htdocs\lppd\vendor\codeigniter4\framework\system\CodeIgniter.php(825): App\Controllers\SyParsys->create_action()
#1 C:\xampp\htdocs\lppd\vendor\codeigniter4\framework\system\CodeIgniter.php(412): CodeIgniter\CodeIgniter->runController(Object(App\Controllers\SyParsys))
#2 C:\xampp\htdocs\lppd\vendor\codeigniter4\framework\system\CodeIgniter.php(320): CodeIgniter\CodeIgniter->handleRequest(NULL, Object(Config\Cache), false)
#3 C:\xampp\htdocs\lppd\public\index.php(37): CodeIgniter\CodeIgniter->run()
#4 {main}
ERROR - 2022-02-16 20:05:19 --> Error connecting to the database: No connection could be made because the target machine actively refused it.

CRITICAL - 2022-02-16 20:05:19 --> Unable to connect to the database.
Main connection [MySQLi]: No connection could be made because the target machine actively refused it.

#0 C:\xampp\htdocs\lppd\vendor\codeigniter4\framework\system\Database\BaseConnection.php(577): CodeIgniter\Database\BaseConnection->initialize()
#1 C:\xampp\htdocs\lppd\vendor\codeigniter4\framework\system\Database\BaseBuilder.php(1539): CodeIgniter\Database\BaseConnection->query('SELECT COUNT(*)...', Array, false)
#2 C:\xampp\htdocs\lppd\vendor\codeigniter4\framework\system\Model.php(509): CodeIgniter\Database\BaseBuilder->countAllResults(false)
#3 C:\xampp\htdocs\lppd\vendor\codeigniter4\framework\system\BaseModel.php(1084): CodeIgniter\Model->countAllResults(false)
#4 C:\xampp\htdocs\lppd\app\Controllers\SyUser.php(45): CodeIgniter\BaseModel->paginate(5)
#5 C:\xampp\htdocs\lppd\vendor\codeigniter4\framework\system\CodeIgniter.php(825): App\Controllers\SyUser->index()
#6 C:\xampp\htdocs\lppd\vendor\codeigniter4\framework\system\CodeIgniter.php(412): CodeIgniter\CodeIgniter->runController(Object(App\Controllers\SyUser))
#7 C:\xampp\htdocs\lppd\vendor\codeigniter4\framework\system\CodeIgniter.php(320): CodeIgniter\CodeIgniter->handleRequest(NULL, Object(Config\Cache), false)
#8 C:\xampp\htdocs\lppd\public\index.php(37): CodeIgniter\CodeIgniter->run()
#9 {main}
