CRITICAL - 2022-05-09 02:42:40 --> Trying to get property 'name' of non-object
#0 D:\laragon\htdocs\lppd\app\Helpers\wf_helper.php(63): CodeIgniter\Debug\Exceptions->errorHandler(8, 'Trying to get p...', 'D:\\laragon\\htdo...', 63, Array)
#1 D:\laragon\htdocs\lppd\app\Views\ikk\index_ikk.php(47): wfGetCategory('0')
#2 D:\laragon\htdocs\lppd\vendor\codeigniter4\framework\system\View\View.php(210): include('D:\\laragon\\htdo...')
#3 D:\laragon\htdocs\lppd\vendor\codeigniter4\framework\system\View\View.php(213): CodeIgniter\View\View->CodeIgniter\View\{closure}()
#4 D:\laragon\htdocs\lppd\vendor\codeigniter4\framework\system\Common.php(1089): CodeIgniter\View\View->render('ikk/index_ikk', Array, true)
#5 D:\laragon\htdocs\lppd\app\Controllers\Ikk.php(63): view('ikk/index_ikk', Array)
#6 D:\laragon\htdocs\lppd\vendor\codeigniter4\framework\system\CodeIgniter.php(825): App\Controllers\Ikk->index()
#7 D:\laragon\htdocs\lppd\vendor\codeigniter4\framework\system\CodeIgniter.php(412): CodeIgniter\CodeIgniter->runController(Object(App\Controllers\Ikk))
#8 D:\laragon\htdocs\lppd\vendor\codeigniter4\framework\system\CodeIgniter.php(320): CodeIgniter\CodeIgniter->handleRequest(NULL, Object(Config\Cache), false)
#9 D:\laragon\htdocs\lppd\public\index.php(37): CodeIgniter\CodeIgniter->run()
#10 {main}
CRITICAL - 2022-05-09 21:07:24 --> syntax error, unexpected '' (T_ENCAPSED_AND_WHITESPACE), expecting '-' or identifier (T_STRING) or variable (T_VARIABLE) or number (T_NUM_STRING)
#0 D:\laragon\htdocs\lppd\vendor\codeigniter4\framework\system\View\View.php(213): CodeIgniter\View\View->CodeIgniter\View\{closure}()
#1 D:\laragon\htdocs\lppd\vendor\codeigniter4\framework\system\Common.php(1089): CodeIgniter\View\View->render('syuser/index_sy...', Array, true)
#2 D:\laragon\htdocs\lppd\app\Controllers\SyUser.php(67): view('syuser/index_sy...', Array)
#3 D:\laragon\htdocs\lppd\vendor\codeigniter4\framework\system\CodeIgniter.php(825): App\Controllers\SyUser->index()
#4 D:\laragon\htdocs\lppd\vendor\codeigniter4\framework\system\CodeIgniter.php(412): CodeIgniter\CodeIgniter->runController(Object(App\Controllers\SyUser))
#5 D:\laragon\htdocs\lppd\vendor\codeigniter4\framework\system\CodeIgniter.php(320): CodeIgniter\CodeIgniter->handleRequest(NULL, Object(Config\Cache), false)
#6 D:\laragon\htdocs\lppd\public\index.php(37): CodeIgniter\CodeIgniter->run()
#7 {main}
ERROR - 2022-05-09 21:08:02 --> Table 'lppd.sy_group' doesn't exist
CRITICAL - 2022-05-09 21:08:02 --> Table 'lppd.sy_group' doesn't exist
#0 D:\laragon\htdocs\lppd\vendor\codeigniter4\framework\system\Database\MySQLi\Connection.php(292): mysqli->query('select group_na...', 0)
#1 D:\laragon\htdocs\lppd\vendor\codeigniter4\framework\system\Database\BaseConnection.php(670): CodeIgniter\Database\MySQLi\Connection->execute('select group_na...')
#2 D:\laragon\htdocs\lppd\vendor\codeigniter4\framework\system\Database\BaseConnection.php(598): CodeIgniter\Database\BaseConnection->simpleQuery('select group_na...')
#3 D:\laragon\htdocs\lppd\app\Views\syuser\index_sy_user.php(52): CodeIgniter\Database\BaseConnection->query('select group_na...')
#4 D:\laragon\htdocs\lppd\vendor\codeigniter4\framework\system\View\View.php(210): include('D:\\laragon\\htdo...')
#5 D:\laragon\htdocs\lppd\vendor\codeigniter4\framework\system\View\View.php(213): CodeIgniter\View\View->CodeIgniter\View\{closure}()
#6 D:\laragon\htdocs\lppd\vendor\codeigniter4\framework\system\Common.php(1089): CodeIgniter\View\View->render('syuser/index_sy...', Array, true)
#7 D:\laragon\htdocs\lppd\app\Controllers\SyUser.php(67): view('syuser/index_sy...', Array)
#8 D:\laragon\htdocs\lppd\vendor\codeigniter4\framework\system\CodeIgniter.php(825): App\Controllers\SyUser->index()
#9 D:\laragon\htdocs\lppd\vendor\codeigniter4\framework\system\CodeIgniter.php(412): CodeIgniter\CodeIgniter->runController(Object(App\Controllers\SyUser))
#10 D:\laragon\htdocs\lppd\vendor\codeigniter4\framework\system\CodeIgniter.php(320): CodeIgniter\CodeIgniter->handleRequest(NULL, Object(Config\Cache), false)
#11 D:\laragon\htdocs\lppd\public\index.php(37): CodeIgniter\CodeIgniter->run()
#12 {main}
ERROR - 2022-05-09 21:08:18 --> Table 'lppd.user_group' doesn't exist
CRITICAL - 2022-05-09 21:08:18 --> Table 'lppd.user_group' doesn't exist
#0 D:\laragon\htdocs\lppd\vendor\codeigniter4\framework\system\Database\MySQLi\Connection.php(292): mysqli->query('select group_na...', 0)
#1 D:\laragon\htdocs\lppd\vendor\codeigniter4\framework\system\Database\BaseConnection.php(670): CodeIgniter\Database\MySQLi\Connection->execute('select group_na...')
#2 D:\laragon\htdocs\lppd\vendor\codeigniter4\framework\system\Database\BaseConnection.php(598): CodeIgniter\Database\BaseConnection->simpleQuery('select group_na...')
#3 D:\laragon\htdocs\lppd\app\Views\syuser\index_sy_user.php(52): CodeIgniter\Database\BaseConnection->query('select group_na...')
#4 D:\laragon\htdocs\lppd\vendor\codeigniter4\framework\system\View\View.php(210): include('D:\\laragon\\htdo...')
#5 D:\laragon\htdocs\lppd\vendor\codeigniter4\framework\system\View\View.php(213): CodeIgniter\View\View->CodeIgniter\View\{closure}()
#6 D:\laragon\htdocs\lppd\vendor\codeigniter4\framework\system\Common.php(1089): CodeIgniter\View\View->render('syuser/index_sy...', Array, true)
#7 D:\laragon\htdocs\lppd\app\Controllers\SyUser.php(67): view('syuser/index_sy...', Array)
#8 D:\laragon\htdocs\lppd\vendor\codeigniter4\framework\system\CodeIgniter.php(825): App\Controllers\SyUser->index()
#9 D:\laragon\htdocs\lppd\vendor\codeigniter4\framework\system\CodeIgniter.php(412): CodeIgniter\CodeIgniter->runController(Object(App\Controllers\SyUser))
#10 D:\laragon\htdocs\lppd\vendor\codeigniter4\framework\system\CodeIgniter.php(320): CodeIgniter\CodeIgniter->handleRequest(NULL, Object(Config\Cache), false)
#11 D:\laragon\htdocs\lppd\public\index.php(37): CodeIgniter\CodeIgniter->run()
#12 {main}
CRITICAL - 2022-05-09 21:33:12 --> count(): Parameter must be an array or an object that implements Countable
#0 D:\laragon\htdocs\lppd\app\Views\laporan\output_keluaran.php(36): CodeIgniter\Debug\Exceptions->errorHandler(2, 'count(): Parame...', 'D:\\laragon\\htdo...', 36, Array)
#1 D:\laragon\htdocs\lppd\vendor\codeigniter4\framework\system\View\View.php(210): include('D:\\laragon\\htdo...')
#2 D:\laragon\htdocs\lppd\vendor\codeigniter4\framework\system\View\View.php(213): CodeIgniter\View\View->CodeIgniter\View\{closure}()
#3 D:\laragon\htdocs\lppd\vendor\codeigniter4\framework\system\Common.php(1089): CodeIgniter\View\View->render('laporan/output_...', Array, true)
#4 D:\laragon\htdocs\lppd\app\Controllers\Laporan.php(56): view('laporan/output_...', Array)
#5 D:\laragon\htdocs\lppd\vendor\codeigniter4\framework\system\CodeIgniter.php(825): App\Controllers\Laporan->outputKeluaran()
#6 D:\laragon\htdocs\lppd\vendor\codeigniter4\framework\system\CodeIgniter.php(412): CodeIgniter\CodeIgniter->runController(Object(App\Controllers\Laporan))
#7 D:\laragon\htdocs\lppd\vendor\codeigniter4\framework\system\CodeIgniter.php(320): CodeIgniter\CodeIgniter->handleRequest(NULL, Object(Config\Cache), false)
#8 D:\laragon\htdocs\lppd\public\index.php(37): CodeIgniter\CodeIgniter->run()
#9 {main}
CRITICAL - 2022-05-09 21:38:40 --> Trying to get property 'Tingkat partisipasi warga negara usia 5-6 tahun yang berpartisipasi dalam PAUD' of non-object
#0 D:\laragon\htdocs\lppd\app\Views\laporan\output_keluaran.php(37): CodeIgniter\Debug\Exceptions->errorHandler(8, 'Trying to get p...', 'D:\\laragon\\htdo...', 37, Array)
#1 D:\laragon\htdocs\lppd\vendor\codeigniter4\framework\system\View\View.php(210): include('D:\\laragon\\htdo...')
#2 D:\laragon\htdocs\lppd\vendor\codeigniter4\framework\system\View\View.php(213): CodeIgniter\View\View->CodeIgniter\View\{closure}()
#3 D:\laragon\htdocs\lppd\vendor\codeigniter4\framework\system\Common.php(1089): CodeIgniter\View\View->render('laporan/output_...', Array, true)
#4 D:\laragon\htdocs\lppd\app\Controllers\Laporan.php(56): view('laporan/output_...', Array)
#5 D:\laragon\htdocs\lppd\vendor\codeigniter4\framework\system\CodeIgniter.php(825): App\Controllers\Laporan->outputKeluaran()
#6 D:\laragon\htdocs\lppd\vendor\codeigniter4\framework\system\CodeIgniter.php(412): CodeIgniter\CodeIgniter->runController(Object(App\Controllers\Laporan))
#7 D:\laragon\htdocs\lppd\vendor\codeigniter4\framework\system\CodeIgniter.php(320): CodeIgniter\CodeIgniter->handleRequest(NULL, Object(Config\Cache), false)
#8 D:\laragon\htdocs\lppd\public\index.php(37): CodeIgniter\CodeIgniter->run()
#9 {main}
CRITICAL - 2022-05-09 21:39:04 --> Undefined index: Tingkat partisipasi warga negara usia 5-6 tahun yang berpartisipasi dalam PAUD
#0 D:\laragon\htdocs\lppd\app\Views\laporan\output_keluaran.php(37): CodeIgniter\Debug\Exceptions->errorHandler(8, 'Undefined index...', 'D:\\laragon\\htdo...', 37, Array)
#1 D:\laragon\htdocs\lppd\vendor\codeigniter4\framework\system\View\View.php(210): include('D:\\laragon\\htdo...')
#2 D:\laragon\htdocs\lppd\vendor\codeigniter4\framework\system\View\View.php(213): CodeIgniter\View\View->CodeIgniter\View\{closure}()
#3 D:\laragon\htdocs\lppd\vendor\codeigniter4\framework\system\Common.php(1089): CodeIgniter\View\View->render('laporan/output_...', Array, true)
#4 D:\laragon\htdocs\lppd\app\Controllers\Laporan.php(56): view('laporan/output_...', Array)
#5 D:\laragon\htdocs\lppd\vendor\codeigniter4\framework\system\CodeIgniter.php(825): App\Controllers\Laporan->outputKeluaran()
#6 D:\laragon\htdocs\lppd\vendor\codeigniter4\framework\system\CodeIgniter.php(412): CodeIgniter\CodeIgniter->runController(Object(App\Controllers\Laporan))
#7 D:\laragon\htdocs\lppd\vendor\codeigniter4\framework\system\CodeIgniter.php(320): CodeIgniter\CodeIgniter->handleRequest(NULL, Object(Config\Cache), false)
#8 D:\laragon\htdocs\lppd\public\index.php(37): CodeIgniter\CodeIgniter->run()
#9 {main}
