CRITICAL - 2022-03-01 01:28:47 --> Undefined property: CodeIgniter\View\View::$request
#0 C:\xampp\htdocs\lppd\app\Views\layout\seantheme.php(251): CodeIgniter\Debug\Exceptions->errorHandler(8, 'Undefined prope...', 'C:\\xampp\\htdocs...', 251, Array)
#1 C:\xampp\htdocs\lppd\vendor\codeigniter4\framework\system\View\View.php(210): include('C:\\xampp\\htdocs...')
#2 C:\xampp\htdocs\lppd\vendor\codeigniter4\framework\system\View\View.php(213): CodeIgniter\View\View->CodeIgniter\View\{closure}()
#3 C:\xampp\htdocs\lppd\vendor\codeigniter4\framework\system\View\View.php(226): CodeIgniter\View\View->render('layout/seanthem...', Array, true)
#4 C:\xampp\htdocs\lppd\vendor\codeigniter4\framework\system\Common.php(1089): CodeIgniter\View\View->render('ikk/index_ikk', Array, true)
#5 C:\xampp\htdocs\lppd\app\Controllers\Ikk.php(63): view('ikk/index_ikk', Array)
#6 C:\xampp\htdocs\lppd\vendor\codeigniter4\framework\system\CodeIgniter.php(825): App\Controllers\Ikk->index()
#7 C:\xampp\htdocs\lppd\vendor\codeigniter4\framework\system\CodeIgniter.php(412): CodeIgniter\CodeIgniter->runController(Object(App\Controllers\Ikk))
#8 C:\xampp\htdocs\lppd\vendor\codeigniter4\framework\system\CodeIgniter.php(320): CodeIgniter\CodeIgniter->handleRequest(NULL, Object(Config\Cache), false)
#9 C:\xampp\htdocs\lppd\public\index.php(37): CodeIgniter\CodeIgniter->run()
#10 {main}
ERROR - 2022-03-01 20:01:46 --> You have an error in your SQL syntax; check the manual that corresponds to your MySQL server version for the right syntax to use near 'key='SATUAN_IKK'' at line 1
CRITICAL - 2022-03-01 20:01:46 --> You have an error in your SQL syntax; check the manual that corresponds to your MySQL server version for the right syntax to use near 'key='SATUAN_IKK'' at line 1
#0 C:\xampp\htdocs\lppd\vendor\codeigniter4\framework\system\Database\MySQLi\Connection.php(292): mysqli->query('select id,ikk a...', 0)
#1 C:\xampp\htdocs\lppd\vendor\codeigniter4\framework\system\Database\BaseConnection.php(670): CodeIgniter\Database\MySQLi\Connection->execute('select id,ikk a...')
#2 C:\xampp\htdocs\lppd\vendor\codeigniter4\framework\system\Database\BaseConnection.php(598): CodeIgniter\Database\BaseConnection->simpleQuery('select id,ikk a...')
#3 C:\xampp\htdocs\lppd\app\Helpers\wf_helper.php(45): CodeIgniter\Database\BaseConnection->query('select id,ikk a...')
#4 C:\xampp\htdocs\lppd\app\Views\ikk\form_ikk.php(25): getComboCategory('SATUAN_IKK')
#5 C:\xampp\htdocs\lppd\vendor\codeigniter4\framework\system\View\View.php(210): include('C:\\xampp\\htdocs...')
#6 C:\xampp\htdocs\lppd\vendor\codeigniter4\framework\system\View\View.php(213): CodeIgniter\View\View->CodeIgniter\View\{closure}()
#7 C:\xampp\htdocs\lppd\vendor\codeigniter4\framework\system\Common.php(1089): CodeIgniter\View\View->render('ikk/form_ikk', Array, true)
#8 C:\xampp\htdocs\lppd\app\Controllers\Ikk.php(93): view('ikk/form_ikk', Array)
#9 C:\xampp\htdocs\lppd\vendor\codeigniter4\framework\system\CodeIgniter.php(825): App\Controllers\Ikk->create()
#10 C:\xampp\htdocs\lppd\vendor\codeigniter4\framework\system\CodeIgniter.php(412): CodeIgniter\CodeIgniter->runController(Object(App\Controllers\Ikk))
#11 C:\xampp\htdocs\lppd\vendor\codeigniter4\framework\system\CodeIgniter.php(320): CodeIgniter\CodeIgniter->handleRequest(NULL, Object(Config\Cache), false)
#12 C:\xampp\htdocs\lppd\public\index.php(37): CodeIgniter\CodeIgniter->run()
#13 {main}
ERROR - 2022-03-01 20:02:19 --> You have an error in your SQL syntax; check the manual that corresponds to your MySQL server version for the right syntax to use near 'key='SATUAN_IKK'' at line 1
CRITICAL - 2022-03-01 20:02:19 --> You have an error in your SQL syntax; check the manual that corresponds to your MySQL server version for the right syntax to use near 'key='SATUAN_IKK'' at line 1
#0 C:\xampp\htdocs\lppd\vendor\codeigniter4\framework\system\Database\MySQLi\Connection.php(292): mysqli->query('select id,ikk a...', 0)
#1 C:\xampp\htdocs\lppd\vendor\codeigniter4\framework\system\Database\BaseConnection.php(670): CodeIgniter\Database\MySQLi\Connection->execute('select id,ikk a...')
#2 C:\xampp\htdocs\lppd\vendor\codeigniter4\framework\system\Database\BaseConnection.php(598): CodeIgniter\Database\BaseConnection->simpleQuery('select id,ikk a...')
#3 C:\xampp\htdocs\lppd\app\Helpers\wf_helper.php(45): CodeIgniter\Database\BaseConnection->query('select id,ikk a...')
#4 C:\xampp\htdocs\lppd\app\Views\ikk\form_ikk.php(25): getComboCategory('SATUAN_IKK')
#5 C:\xampp\htdocs\lppd\vendor\codeigniter4\framework\system\View\View.php(210): include('C:\\xampp\\htdocs...')
#6 C:\xampp\htdocs\lppd\vendor\codeigniter4\framework\system\View\View.php(213): CodeIgniter\View\View->CodeIgniter\View\{closure}()
#7 C:\xampp\htdocs\lppd\vendor\codeigniter4\framework\system\Common.php(1089): CodeIgniter\View\View->render('ikk/form_ikk', Array, true)
#8 C:\xampp\htdocs\lppd\app\Controllers\Ikk.php(93): view('ikk/form_ikk', Array)
#9 C:\xampp\htdocs\lppd\vendor\codeigniter4\framework\system\CodeIgniter.php(825): App\Controllers\Ikk->create()
#10 C:\xampp\htdocs\lppd\vendor\codeigniter4\framework\system\CodeIgniter.php(412): CodeIgniter\CodeIgniter->runController(Object(App\Controllers\Ikk))
#11 C:\xampp\htdocs\lppd\vendor\codeigniter4\framework\system\CodeIgniter.php(320): CodeIgniter\CodeIgniter->handleRequest(NULL, Object(Config\Cache), false)
#12 C:\xampp\htdocs\lppd\public\index.php(37): CodeIgniter\CodeIgniter->run()
#13 {main}
ERROR - 2022-03-01 20:02:32 --> Unknown column 'ikk' in 'field list'
CRITICAL - 2022-03-01 20:02:32 --> Unknown column 'ikk' in 'field list'
#0 C:\xampp\htdocs\lppd\vendor\codeigniter4\framework\system\Database\MySQLi\Connection.php(292): mysqli->query('select id,ikk a...', 0)
#1 C:\xampp\htdocs\lppd\vendor\codeigniter4\framework\system\Database\BaseConnection.php(670): CodeIgniter\Database\MySQLi\Connection->execute('select id,ikk a...')
#2 C:\xampp\htdocs\lppd\vendor\codeigniter4\framework\system\Database\BaseConnection.php(598): CodeIgniter\Database\BaseConnection->simpleQuery('select id,ikk a...')
#3 C:\xampp\htdocs\lppd\app\Helpers\wf_helper.php(45): CodeIgniter\Database\BaseConnection->query('select id,ikk a...')
#4 C:\xampp\htdocs\lppd\app\Views\ikk\form_ikk.php(25): getComboCategory('SATUAN_IKK')
#5 C:\xampp\htdocs\lppd\vendor\codeigniter4\framework\system\View\View.php(210): include('C:\\xampp\\htdocs...')
#6 C:\xampp\htdocs\lppd\vendor\codeigniter4\framework\system\View\View.php(213): CodeIgniter\View\View->CodeIgniter\View\{closure}()
#7 C:\xampp\htdocs\lppd\vendor\codeigniter4\framework\system\Common.php(1089): CodeIgniter\View\View->render('ikk/form_ikk', Array, true)
#8 C:\xampp\htdocs\lppd\app\Controllers\Ikk.php(93): view('ikk/form_ikk', Array)
#9 C:\xampp\htdocs\lppd\vendor\codeigniter4\framework\system\CodeIgniter.php(825): App\Controllers\Ikk->create()
#10 C:\xampp\htdocs\lppd\vendor\codeigniter4\framework\system\CodeIgniter.php(412): CodeIgniter\CodeIgniter->runController(Object(App\Controllers\Ikk))
#11 C:\xampp\htdocs\lppd\vendor\codeigniter4\framework\system\CodeIgniter.php(320): CodeIgniter\CodeIgniter->handleRequest(NULL, Object(Config\Cache), false)
#12 C:\xampp\htdocs\lppd\public\index.php(37): CodeIgniter\CodeIgniter->run()
#13 {main}
CRITICAL - 2022-03-01 20:07:25 --> Call to undefined function replace()
#0 C:\xampp\htdocs\lppd\app\Views\ikk\form_ikk.php(25): getComboCategory('SATUAN_IKK')
#1 C:\xampp\htdocs\lppd\vendor\codeigniter4\framework\system\View\View.php(210): include('C:\\xampp\\htdocs...')
#2 C:\xampp\htdocs\lppd\vendor\codeigniter4\framework\system\View\View.php(213): CodeIgniter\View\View->CodeIgniter\View\{closure}()
#3 C:\xampp\htdocs\lppd\vendor\codeigniter4\framework\system\Common.php(1089): CodeIgniter\View\View->render('ikk/form_ikk', Array, true)
#4 C:\xampp\htdocs\lppd\app\Controllers\Ikk.php(93): view('ikk/form_ikk', Array)
#5 C:\xampp\htdocs\lppd\vendor\codeigniter4\framework\system\CodeIgniter.php(825): App\Controllers\Ikk->create()
#6 C:\xampp\htdocs\lppd\vendor\codeigniter4\framework\system\CodeIgniter.php(412): CodeIgniter\CodeIgniter->runController(Object(App\Controllers\Ikk))
#7 C:\xampp\htdocs\lppd\vendor\codeigniter4\framework\system\CodeIgniter.php(320): CodeIgniter\CodeIgniter->handleRequest(NULL, Object(Config\Cache), false)
#8 C:\xampp\htdocs\lppd\public\index.php(37): CodeIgniter\CodeIgniter->run()
#9 {main}
CRITICAL - 2022-03-01 20:07:38 --> Call to undefined function strreplace()
#0 C:\xampp\htdocs\lppd\app\Views\ikk\form_ikk.php(25): getComboCategory('SATUAN_IKK')
#1 C:\xampp\htdocs\lppd\vendor\codeigniter4\framework\system\View\View.php(210): include('C:\\xampp\\htdocs...')
#2 C:\xampp\htdocs\lppd\vendor\codeigniter4\framework\system\View\View.php(213): CodeIgniter\View\View->CodeIgniter\View\{closure}()
#3 C:\xampp\htdocs\lppd\vendor\codeigniter4\framework\system\Common.php(1089): CodeIgniter\View\View->render('ikk/form_ikk', Array, true)
#4 C:\xampp\htdocs\lppd\app\Controllers\Ikk.php(93): view('ikk/form_ikk', Array)
#5 C:\xampp\htdocs\lppd\vendor\codeigniter4\framework\system\CodeIgniter.php(825): App\Controllers\Ikk->create()
#6 C:\xampp\htdocs\lppd\vendor\codeigniter4\framework\system\CodeIgniter.php(412): CodeIgniter\CodeIgniter->runController(Object(App\Controllers\Ikk))
#7 C:\xampp\htdocs\lppd\vendor\codeigniter4\framework\system\CodeIgniter.php(320): CodeIgniter\CodeIgniter->handleRequest(NULL, Object(Config\Cache), false)
#8 C:\xampp\htdocs\lppd\public\index.php(37): CodeIgniter\CodeIgniter->run()
#9 {main}
CRITICAL - 2022-03-01 20:12:01 --> Call to undefined function getComboCategory()
#0 C:\xampp\htdocs\lppd\vendor\codeigniter4\framework\system\View\View.php(210): include()
#1 C:\xampp\htdocs\lppd\vendor\codeigniter4\framework\system\View\View.php(213): CodeIgniter\View\View->CodeIgniter\View\{closure}()
#2 C:\xampp\htdocs\lppd\vendor\codeigniter4\framework\system\Common.php(1089): CodeIgniter\View\View->render('ikk/form_ikk', Array, true)
#3 C:\xampp\htdocs\lppd\app\Controllers\Ikk.php(93): view('ikk/form_ikk', Array)
#4 C:\xampp\htdocs\lppd\vendor\codeigniter4\framework\system\CodeIgniter.php(825): App\Controllers\Ikk->create()
#5 C:\xampp\htdocs\lppd\vendor\codeigniter4\framework\system\CodeIgniter.php(412): CodeIgniter\CodeIgniter->runController(Object(App\Controllers\Ikk))
#6 C:\xampp\htdocs\lppd\vendor\codeigniter4\framework\system\CodeIgniter.php(320): CodeIgniter\CodeIgniter->handleRequest(NULL, Object(Config\Cache), false)
#7 C:\xampp\htdocs\lppd\public\index.php(37): CodeIgniter\CodeIgniter->run()
#8 {main}
CRITICAL - 2022-03-01 20:12:16 --> Undefined variable: key
#0 C:\xampp\htdocs\lppd\app\Helpers\wf_helper.php(59): CodeIgniter\Debug\Exceptions->errorHandler(8, 'Undefined varia...', 'C:\\xampp\\htdocs...', 59, Array)
#1 C:\xampp\htdocs\lppd\app\Helpers\wf_helper.php(49): wfUperFirst('SATUAN_IKK')
#2 C:\xampp\htdocs\lppd\app\Views\ikk\form_ikk.php(25): wfComboCategory('SATUAN_IKK')
#3 C:\xampp\htdocs\lppd\vendor\codeigniter4\framework\system\View\View.php(210): include('C:\\xampp\\htdocs...')
#4 C:\xampp\htdocs\lppd\vendor\codeigniter4\framework\system\View\View.php(213): CodeIgniter\View\View->CodeIgniter\View\{closure}()
#5 C:\xampp\htdocs\lppd\vendor\codeigniter4\framework\system\Common.php(1089): CodeIgniter\View\View->render('ikk/form_ikk', Array, true)
#6 C:\xampp\htdocs\lppd\app\Controllers\Ikk.php(93): view('ikk/form_ikk', Array)
#7 C:\xampp\htdocs\lppd\vendor\codeigniter4\framework\system\CodeIgniter.php(825): App\Controllers\Ikk->create()
#8 C:\xampp\htdocs\lppd\vendor\codeigniter4\framework\system\CodeIgniter.php(412): CodeIgniter\CodeIgniter->runController(Object(App\Controllers\Ikk))
#9 C:\xampp\htdocs\lppd\vendor\codeigniter4\framework\system\CodeIgniter.php(320): CodeIgniter\CodeIgniter->handleRequest(NULL, Object(Config\Cache), false)
#10 C:\xampp\htdocs\lppd\public\index.php(37): CodeIgniter\CodeIgniter->run()
#11 {main}
ERROR - 2022-03-01 20:24:57 --> You have an error in your SQL syntax; check the manual that corresponds to your MySQL server version for the right syntax to use near '' at line 1
CRITICAL - 2022-03-01 20:24:57 --> You have an error in your SQL syntax; check the manual that corresponds to your MySQL server version for the right syntax to use near '' at line 1
#0 C:\xampp\htdocs\lppd\vendor\codeigniter4\framework\system\Database\MySQLi\Connection.php(292): mysqli->query('select name fro...', 0)
#1 C:\xampp\htdocs\lppd\vendor\codeigniter4\framework\system\Database\BaseConnection.php(670): CodeIgniter\Database\MySQLi\Connection->execute('select name fro...')
#2 C:\xampp\htdocs\lppd\vendor\codeigniter4\framework\system\Database\BaseConnection.php(598): CodeIgniter\Database\BaseConnection->simpleQuery('select name fro...')
#3 C:\xampp\htdocs\lppd\app\Helpers\wf_helper.php(59): CodeIgniter\Database\BaseConnection->query('select name fro...')
#4 C:\xampp\htdocs\lppd\app\Views\ikk\index_ikk.php(48): wfGetOneCategory('')
#5 C:\xampp\htdocs\lppd\vendor\codeigniter4\framework\system\View\View.php(210): include('C:\\xampp\\htdocs...')
#6 C:\xampp\htdocs\lppd\vendor\codeigniter4\framework\system\View\View.php(213): CodeIgniter\View\View->CodeIgniter\View\{closure}()
#7 C:\xampp\htdocs\lppd\vendor\codeigniter4\framework\system\Common.php(1089): CodeIgniter\View\View->render('ikk/index_ikk', Array, true)
#8 C:\xampp\htdocs\lppd\app\Controllers\Ikk.php(63): view('ikk/index_ikk', Array)
#9 C:\xampp\htdocs\lppd\vendor\codeigniter4\framework\system\CodeIgniter.php(825): App\Controllers\Ikk->index()
#10 C:\xampp\htdocs\lppd\vendor\codeigniter4\framework\system\CodeIgniter.php(412): CodeIgniter\CodeIgniter->runController(Object(App\Controllers\Ikk))
#11 C:\xampp\htdocs\lppd\vendor\codeigniter4\framework\system\CodeIgniter.php(320): CodeIgniter\CodeIgniter->handleRequest(NULL, Object(Config\Cache), false)
#12 C:\xampp\htdocs\lppd\public\index.php(37): CodeIgniter\CodeIgniter->run()
#13 {main}
ERROR - 2022-03-01 20:25:32 --> You have an error in your SQL syntax; check the manual that corresponds to your MySQL server version for the right syntax to use near '' at line 1
CRITICAL - 2022-03-01 20:25:32 --> You have an error in your SQL syntax; check the manual that corresponds to your MySQL server version for the right syntax to use near '' at line 1
#0 C:\xampp\htdocs\lppd\vendor\codeigniter4\framework\system\Database\MySQLi\Connection.php(292): mysqli->query('select name fro...', 0)
#1 C:\xampp\htdocs\lppd\vendor\codeigniter4\framework\system\Database\BaseConnection.php(670): CodeIgniter\Database\MySQLi\Connection->execute('select name fro...')
#2 C:\xampp\htdocs\lppd\vendor\codeigniter4\framework\system\Database\BaseConnection.php(598): CodeIgniter\Database\BaseConnection->simpleQuery('select name fro...')
#3 C:\xampp\htdocs\lppd\app\Helpers\wf_helper.php(59): CodeIgniter\Database\BaseConnection->query('select name fro...')
#4 C:\xampp\htdocs\lppd\app\Views\ikk\index_ikk.php(48): wfGetOneCategory('')
#5 C:\xampp\htdocs\lppd\vendor\codeigniter4\framework\system\View\View.php(210): include('C:\\xampp\\htdocs...')
#6 C:\xampp\htdocs\lppd\vendor\codeigniter4\framework\system\View\View.php(213): CodeIgniter\View\View->CodeIgniter\View\{closure}()
#7 C:\xampp\htdocs\lppd\vendor\codeigniter4\framework\system\Common.php(1089): CodeIgniter\View\View->render('ikk/index_ikk', Array, true)
#8 C:\xampp\htdocs\lppd\app\Controllers\Ikk.php(63): view('ikk/index_ikk', Array)
#9 C:\xampp\htdocs\lppd\vendor\codeigniter4\framework\system\CodeIgniter.php(825): App\Controllers\Ikk->index()
#10 C:\xampp\htdocs\lppd\vendor\codeigniter4\framework\system\CodeIgniter.php(412): CodeIgniter\CodeIgniter->runController(Object(App\Controllers\Ikk))
#11 C:\xampp\htdocs\lppd\vendor\codeigniter4\framework\system\CodeIgniter.php(320): CodeIgniter\CodeIgniter->handleRequest(NULL, Object(Config\Cache), false)
#12 C:\xampp\htdocs\lppd\public\index.php(37): CodeIgniter\CodeIgniter->run()
#13 {main}
ERROR - 2022-03-01 20:26:51 --> You have an error in your SQL syntax; check the manual that corresponds to your MySQL server version for the right syntax to use near '' at line 1
CRITICAL - 2022-03-01 20:26:51 --> You have an error in your SQL syntax; check the manual that corresponds to your MySQL server version for the right syntax to use near '' at line 1
#0 C:\xampp\htdocs\lppd\vendor\codeigniter4\framework\system\Database\MySQLi\Connection.php(292): mysqli->query('select name fro...', 0)
#1 C:\xampp\htdocs\lppd\vendor\codeigniter4\framework\system\Database\BaseConnection.php(670): CodeIgniter\Database\MySQLi\Connection->execute('select name fro...')
#2 C:\xampp\htdocs\lppd\vendor\codeigniter4\framework\system\Database\BaseConnection.php(598): CodeIgniter\Database\BaseConnection->simpleQuery('select name fro...')
#3 C:\xampp\htdocs\lppd\app\Helpers\wf_helper.php(60): CodeIgniter\Database\BaseConnection->query('select name fro...')
#4 C:\xampp\htdocs\lppd\app\Views\ikk\index_ikk.php(48): wfGetOneCategory('')
#5 C:\xampp\htdocs\lppd\vendor\codeigniter4\framework\system\View\View.php(210): include('C:\\xampp\\htdocs...')
#6 C:\xampp\htdocs\lppd\vendor\codeigniter4\framework\system\View\View.php(213): CodeIgniter\View\View->CodeIgniter\View\{closure}()
#7 C:\xampp\htdocs\lppd\vendor\codeigniter4\framework\system\Common.php(1089): CodeIgniter\View\View->render('ikk/index_ikk', Array, true)
#8 C:\xampp\htdocs\lppd\app\Controllers\Ikk.php(63): view('ikk/index_ikk', Array)
#9 C:\xampp\htdocs\lppd\vendor\codeigniter4\framework\system\CodeIgniter.php(825): App\Controllers\Ikk->index()
#10 C:\xampp\htdocs\lppd\vendor\codeigniter4\framework\system\CodeIgniter.php(412): CodeIgniter\CodeIgniter->runController(Object(App\Controllers\Ikk))
#11 C:\xampp\htdocs\lppd\vendor\codeigniter4\framework\system\CodeIgniter.php(320): CodeIgniter\CodeIgniter->handleRequest(NULL, Object(Config\Cache), false)
#12 C:\xampp\htdocs\lppd\public\index.php(37): CodeIgniter\CodeIgniter->run()
#13 {main}
ERROR - 2022-03-01 20:27:52 --> You have an error in your SQL syntax; check the manual that corresponds to your MySQL server version for the right syntax to use near '' at line 1
CRITICAL - 2022-03-01 20:27:52 --> You have an error in your SQL syntax; check the manual that corresponds to your MySQL server version for the right syntax to use near '' at line 1
#0 C:\xampp\htdocs\lppd\vendor\codeigniter4\framework\system\Database\MySQLi\Connection.php(292): mysqli->query('select name fro...', 0)
#1 C:\xampp\htdocs\lppd\vendor\codeigniter4\framework\system\Database\BaseConnection.php(670): CodeIgniter\Database\MySQLi\Connection->execute('select name fro...')
#2 C:\xampp\htdocs\lppd\vendor\codeigniter4\framework\system\Database\BaseConnection.php(598): CodeIgniter\Database\BaseConnection->simpleQuery('select name fro...')
#3 C:\xampp\htdocs\lppd\app\Helpers\wf_helper.php(60): CodeIgniter\Database\BaseConnection->query('select name fro...')
#4 C:\xampp\htdocs\lppd\app\Views\ikk\index_ikk.php(48): wfGetOneCategory('')
#5 C:\xampp\htdocs\lppd\vendor\codeigniter4\framework\system\View\View.php(210): include('C:\\xampp\\htdocs...')
#6 C:\xampp\htdocs\lppd\vendor\codeigniter4\framework\system\View\View.php(213): CodeIgniter\View\View->CodeIgniter\View\{closure}()
#7 C:\xampp\htdocs\lppd\vendor\codeigniter4\framework\system\Common.php(1089): CodeIgniter\View\View->render('ikk/index_ikk', Array, true)
#8 C:\xampp\htdocs\lppd\app\Controllers\Ikk.php(63): view('ikk/index_ikk', Array)
#9 C:\xampp\htdocs\lppd\vendor\codeigniter4\framework\system\CodeIgniter.php(825): App\Controllers\Ikk->index()
#10 C:\xampp\htdocs\lppd\vendor\codeigniter4\framework\system\CodeIgniter.php(412): CodeIgniter\CodeIgniter->runController(Object(App\Controllers\Ikk))
#11 C:\xampp\htdocs\lppd\vendor\codeigniter4\framework\system\CodeIgniter.php(320): CodeIgniter\CodeIgniter->handleRequest(NULL, Object(Config\Cache), false)
#12 C:\xampp\htdocs\lppd\public\index.php(37): CodeIgniter\CodeIgniter->run()
#13 {main}
ERROR - 2022-03-01 20:29:00 --> You have an error in your SQL syntax; check the manual that corresponds to your MySQL server version for the right syntax to use near '' at line 1
CRITICAL - 2022-03-01 20:29:00 --> You have an error in your SQL syntax; check the manual that corresponds to your MySQL server version for the right syntax to use near '' at line 1
#0 C:\xampp\htdocs\lppd\vendor\codeigniter4\framework\system\Database\MySQLi\Connection.php(292): mysqli->query('select name fro...', 0)
#1 C:\xampp\htdocs\lppd\vendor\codeigniter4\framework\system\Database\BaseConnection.php(670): CodeIgniter\Database\MySQLi\Connection->execute('select name fro...')
#2 C:\xampp\htdocs\lppd\vendor\codeigniter4\framework\system\Database\BaseConnection.php(598): CodeIgniter\Database\BaseConnection->simpleQuery('select name fro...')
#3 C:\xampp\htdocs\lppd\app\Helpers\wf_helper.php(60): CodeIgniter\Database\BaseConnection->query('select name fro...')
#4 C:\xampp\htdocs\lppd\app\Views\ikk\index_ikk.php(48): wfGetOneCategory('')
#5 C:\xampp\htdocs\lppd\vendor\codeigniter4\framework\system\View\View.php(210): include('C:\\xampp\\htdocs...')
#6 C:\xampp\htdocs\lppd\vendor\codeigniter4\framework\system\View\View.php(213): CodeIgniter\View\View->CodeIgniter\View\{closure}()
#7 C:\xampp\htdocs\lppd\vendor\codeigniter4\framework\system\Common.php(1089): CodeIgniter\View\View->render('ikk/index_ikk', Array, true)
#8 C:\xampp\htdocs\lppd\app\Controllers\Ikk.php(63): view('ikk/index_ikk', Array)
#9 C:\xampp\htdocs\lppd\vendor\codeigniter4\framework\system\CodeIgniter.php(825): App\Controllers\Ikk->index()
#10 C:\xampp\htdocs\lppd\vendor\codeigniter4\framework\system\CodeIgniter.php(412): CodeIgniter\CodeIgniter->runController(Object(App\Controllers\Ikk))
#11 C:\xampp\htdocs\lppd\vendor\codeigniter4\framework\system\CodeIgniter.php(320): CodeIgniter\CodeIgniter->handleRequest(NULL, Object(Config\Cache), false)
#12 C:\xampp\htdocs\lppd\public\index.php(37): CodeIgniter\CodeIgniter->run()
#13 {main}
ERROR - 2022-03-01 20:29:29 --> You have an error in your SQL syntax; check the manual that corresponds to your MySQL server version for the right syntax to use near '' at line 1
CRITICAL - 2022-03-01 20:29:29 --> You have an error in your SQL syntax; check the manual that corresponds to your MySQL server version for the right syntax to use near '' at line 1
#0 C:\xampp\htdocs\lppd\vendor\codeigniter4\framework\system\Database\MySQLi\Connection.php(292): mysqli->query('select name fro...', 0)
#1 C:\xampp\htdocs\lppd\vendor\codeigniter4\framework\system\Database\BaseConnection.php(670): CodeIgniter\Database\MySQLi\Connection->execute('select name fro...')
#2 C:\xampp\htdocs\lppd\vendor\codeigniter4\framework\system\Database\BaseConnection.php(598): CodeIgniter\Database\BaseConnection->simpleQuery('select name fro...')
#3 C:\xampp\htdocs\lppd\app\Helpers\wf_helper.php(60): CodeIgniter\Database\BaseConnection->query('select name fro...')
#4 C:\xampp\htdocs\lppd\app\Views\ikk\index_ikk.php(48): wfGetOneCategory('')
#5 C:\xampp\htdocs\lppd\vendor\codeigniter4\framework\system\View\View.php(210): include('C:\\xampp\\htdocs...')
#6 C:\xampp\htdocs\lppd\vendor\codeigniter4\framework\system\View\View.php(213): CodeIgniter\View\View->CodeIgniter\View\{closure}()
#7 C:\xampp\htdocs\lppd\vendor\codeigniter4\framework\system\Common.php(1089): CodeIgniter\View\View->render('ikk/index_ikk', Array, true)
#8 C:\xampp\htdocs\lppd\app\Controllers\Ikk.php(63): view('ikk/index_ikk', Array)
#9 C:\xampp\htdocs\lppd\vendor\codeigniter4\framework\system\CodeIgniter.php(825): App\Controllers\Ikk->index()
#10 C:\xampp\htdocs\lppd\vendor\codeigniter4\framework\system\CodeIgniter.php(412): CodeIgniter\CodeIgniter->runController(Object(App\Controllers\Ikk))
#11 C:\xampp\htdocs\lppd\vendor\codeigniter4\framework\system\CodeIgniter.php(320): CodeIgniter\CodeIgniter->handleRequest(NULL, Object(Config\Cache), false)
#12 C:\xampp\htdocs\lppd\public\index.php(37): CodeIgniter\CodeIgniter->run()
#13 {main}
CRITICAL - 2022-03-01 20:35:41 --> Undefined variable: id
#0 C:\xampp\htdocs\lppd\app\Helpers\wf_helper.php(68): CodeIgniter\Debug\Exceptions->errorHandler(8, 'Undefined varia...', 'C:\\xampp\\htdocs...', 68, Array)
#1 C:\xampp\htdocs\lppd\app\Views\ikk\index_ikk.php(51): wfGetOneRow('sub_urusan', Array)
#2 C:\xampp\htdocs\lppd\vendor\codeigniter4\framework\system\View\View.php(210): include('C:\\xampp\\htdocs...')
#3 C:\xampp\htdocs\lppd\vendor\codeigniter4\framework\system\View\View.php(213): CodeIgniter\View\View->CodeIgniter\View\{closure}()
#4 C:\xampp\htdocs\lppd\vendor\codeigniter4\framework\system\Common.php(1089): CodeIgniter\View\View->render('ikk/index_ikk', Array, true)
#5 C:\xampp\htdocs\lppd\app\Controllers\Ikk.php(63): view('ikk/index_ikk', Array)
#6 C:\xampp\htdocs\lppd\vendor\codeigniter4\framework\system\CodeIgniter.php(825): App\Controllers\Ikk->index()
#7 C:\xampp\htdocs\lppd\vendor\codeigniter4\framework\system\CodeIgniter.php(412): CodeIgniter\CodeIgniter->runController(Object(App\Controllers\Ikk))
#8 C:\xampp\htdocs\lppd\vendor\codeigniter4\framework\system\CodeIgniter.php(320): CodeIgniter\CodeIgniter->handleRequest(NULL, Object(Config\Cache), false)
#9 C:\xampp\htdocs\lppd\public\index.php(37): CodeIgniter\CodeIgniter->run()
#10 {main}
CRITICAL - 2022-03-01 20:35:59 --> Array to string conversion
#0 C:\xampp\htdocs\lppd\app\Helpers\wf_helper.php(70): CodeIgniter\Debug\Exceptions->errorHandler(8, 'Array to string...', 'C:\\xampp\\htdocs...', 70, Array)
#1 C:\xampp\htdocs\lppd\app\Views\ikk\index_ikk.php(51): wfGetOneRow('sub_urusan', Array)
#2 C:\xampp\htdocs\lppd\vendor\codeigniter4\framework\system\View\View.php(210): include('C:\\xampp\\htdocs...')
#3 C:\xampp\htdocs\lppd\vendor\codeigniter4\framework\system\View\View.php(213): CodeIgniter\View\View->CodeIgniter\View\{closure}()
#4 C:\xampp\htdocs\lppd\vendor\codeigniter4\framework\system\Common.php(1089): CodeIgniter\View\View->render('ikk/index_ikk', Array, true)
#5 C:\xampp\htdocs\lppd\app\Controllers\Ikk.php(63): view('ikk/index_ikk', Array)
#6 C:\xampp\htdocs\lppd\vendor\codeigniter4\framework\system\CodeIgniter.php(825): App\Controllers\Ikk->index()
#7 C:\xampp\htdocs\lppd\vendor\codeigniter4\framework\system\CodeIgniter.php(412): CodeIgniter\CodeIgniter->runController(Object(App\Controllers\Ikk))
#8 C:\xampp\htdocs\lppd\vendor\codeigniter4\framework\system\CodeIgniter.php(320): CodeIgniter\CodeIgniter->handleRequest(NULL, Object(Config\Cache), false)
#9 C:\xampp\htdocs\lppd\public\index.php(37): CodeIgniter\CodeIgniter->run()
#10 {main}
CRITICAL - 2022-03-01 20:36:42 --> Array to string conversion
#0 C:\xampp\htdocs\lppd\app\Helpers\wf_helper.php(70): CodeIgniter\Debug\Exceptions->errorHandler(8, 'Array to string...', 'C:\\xampp\\htdocs...', 70, Array)
#1 C:\xampp\htdocs\lppd\app\Views\ikk\index_ikk.php(51): wfGetRow('sub_urusan', Array)
#2 C:\xampp\htdocs\lppd\vendor\codeigniter4\framework\system\View\View.php(210): include('C:\\xampp\\htdocs...')
#3 C:\xampp\htdocs\lppd\vendor\codeigniter4\framework\system\View\View.php(213): CodeIgniter\View\View->CodeIgniter\View\{closure}()
#4 C:\xampp\htdocs\lppd\vendor\codeigniter4\framework\system\Common.php(1089): CodeIgniter\View\View->render('ikk/index_ikk', Array, true)
#5 C:\xampp\htdocs\lppd\app\Controllers\Ikk.php(63): view('ikk/index_ikk', Array)
#6 C:\xampp\htdocs\lppd\vendor\codeigniter4\framework\system\CodeIgniter.php(825): App\Controllers\Ikk->index()
#7 C:\xampp\htdocs\lppd\vendor\codeigniter4\framework\system\CodeIgniter.php(412): CodeIgniter\CodeIgniter->runController(Object(App\Controllers\Ikk))
#8 C:\xampp\htdocs\lppd\vendor\codeigniter4\framework\system\CodeIgniter.php(320): CodeIgniter\CodeIgniter->handleRequest(NULL, Object(Config\Cache), false)
#9 C:\xampp\htdocs\lppd\public\index.php(37): CodeIgniter\CodeIgniter->run()
#10 {main}
ERROR - 2022-03-01 20:39:57 --> You have an error in your SQL syntax; check the manual that corresponds to your MySQL server version for the right syntax to use near '' at line 1
CRITICAL - 2022-03-01 20:39:57 --> You have an error in your SQL syntax; check the manual that corresponds to your MySQL server version for the right syntax to use near '' at line 1
#0 C:\xampp\htdocs\lppd\vendor\codeigniter4\framework\system\Database\MySQLi\Connection.php(292): mysqli->query('select * from s...', 0)
#1 C:\xampp\htdocs\lppd\vendor\codeigniter4\framework\system\Database\BaseConnection.php(670): CodeIgniter\Database\MySQLi\Connection->execute('select * from s...')
#2 C:\xampp\htdocs\lppd\vendor\codeigniter4\framework\system\Database\BaseConnection.php(598): CodeIgniter\Database\BaseConnection->simpleQuery('select * from s...')
#3 C:\xampp\htdocs\lppd\app\Helpers\wf_helper.php(70): CodeIgniter\Database\BaseConnection->query('select * from s...')
#4 C:\xampp\htdocs\lppd\app\Views\ikk\index_ikk.php(51): wfGetRow('sub_urusan', 'id=')
#5 C:\xampp\htdocs\lppd\vendor\codeigniter4\framework\system\View\View.php(210): include('C:\\xampp\\htdocs...')
#6 C:\xampp\htdocs\lppd\vendor\codeigniter4\framework\system\View\View.php(213): CodeIgniter\View\View->CodeIgniter\View\{closure}()
#7 C:\xampp\htdocs\lppd\vendor\codeigniter4\framework\system\Common.php(1089): CodeIgniter\View\View->render('ikk/index_ikk', Array, true)
#8 C:\xampp\htdocs\lppd\app\Controllers\Ikk.php(63): view('ikk/index_ikk', Array)
#9 C:\xampp\htdocs\lppd\vendor\codeigniter4\framework\system\CodeIgniter.php(825): App\Controllers\Ikk->index()
#10 C:\xampp\htdocs\lppd\vendor\codeigniter4\framework\system\CodeIgniter.php(412): CodeIgniter\CodeIgniter->runController(Object(App\Controllers\Ikk))
#11 C:\xampp\htdocs\lppd\vendor\codeigniter4\framework\system\CodeIgniter.php(320): CodeIgniter\CodeIgniter->handleRequest(NULL, Object(Config\Cache), false)
#12 C:\xampp\htdocs\lppd\public\index.php(37): CodeIgniter\CodeIgniter->run()
#13 {main}
CRITICAL - 2022-03-01 20:40:21 --> syntax error, unexpected '' (T_ENCAPSED_AND_WHITESPACE), expecting '-' or identifier (T_STRING) or variable (T_VARIABLE) or number (T_NUM_STRING)
#0 C:\xampp\htdocs\lppd\vendor\codeigniter4\framework\system\View\View.php(213): CodeIgniter\View\View->CodeIgniter\View\{closure}()
#1 C:\xampp\htdocs\lppd\vendor\codeigniter4\framework\system\Common.php(1089): CodeIgniter\View\View->render('ikk/index_ikk', Array, true)
#2 C:\xampp\htdocs\lppd\app\Controllers\Ikk.php(63): view('ikk/index_ikk', Array)
#3 C:\xampp\htdocs\lppd\vendor\codeigniter4\framework\system\CodeIgniter.php(825): App\Controllers\Ikk->index()
#4 C:\xampp\htdocs\lppd\vendor\codeigniter4\framework\system\CodeIgniter.php(412): CodeIgniter\CodeIgniter->runController(Object(App\Controllers\Ikk))
#5 C:\xampp\htdocs\lppd\vendor\codeigniter4\framework\system\CodeIgniter.php(320): CodeIgniter\CodeIgniter->handleRequest(NULL, Object(Config\Cache), false)
#6 C:\xampp\htdocs\lppd\public\index.php(37): CodeIgniter\CodeIgniter->run()
#7 {main}
CRITICAL - 2022-03-01 20:41:49 --> Undefined index: sub_urusan
#0 C:\xampp\htdocs\lppd\app\Views\ikk\index_ikk.php(51): CodeIgniter\Debug\Exceptions->errorHandler(8, 'Undefined index...', 'C:\\xampp\\htdocs...', 51, Array)
#1 C:\xampp\htdocs\lppd\vendor\codeigniter4\framework\system\View\View.php(210): include('C:\\xampp\\htdocs...')
#2 C:\xampp\htdocs\lppd\vendor\codeigniter4\framework\system\View\View.php(213): CodeIgniter\View\View->CodeIgniter\View\{closure}()
#3 C:\xampp\htdocs\lppd\vendor\codeigniter4\framework\system\Common.php(1089): CodeIgniter\View\View->render('ikk/index_ikk', Array, true)
#4 C:\xampp\htdocs\lppd\app\Controllers\Ikk.php(63): view('ikk/index_ikk', Array)
#5 C:\xampp\htdocs\lppd\vendor\codeigniter4\framework\system\CodeIgniter.php(825): App\Controllers\Ikk->index()
#6 C:\xampp\htdocs\lppd\vendor\codeigniter4\framework\system\CodeIgniter.php(412): CodeIgniter\CodeIgniter->runController(Object(App\Controllers\Ikk))
#7 C:\xampp\htdocs\lppd\vendor\codeigniter4\framework\system\CodeIgniter.php(320): CodeIgniter\CodeIgniter->handleRequest(NULL, Object(Config\Cache), false)
#8 C:\xampp\htdocs\lppd\public\index.php(37): CodeIgniter\CodeIgniter->run()
#9 {main}
CRITICAL - 2022-03-01 20:51:11 --> Call to undefined function getCombo()
#0 C:\xampp\htdocs\lppd\vendor\codeigniter4\framework\system\View\View.php(210): include()
#1 C:\xampp\htdocs\lppd\vendor\codeigniter4\framework\system\View\View.php(213): CodeIgniter\View\View->CodeIgniter\View\{closure}()
#2 C:\xampp\htdocs\lppd\vendor\codeigniter4\framework\system\Common.php(1089): CodeIgniter\View\View->render('rumus/form_rumu...', Array, true)
#3 C:\xampp\htdocs\lppd\app\Controllers\Rumus.php(89): view('rumus/form_rumu...', Array)
#4 C:\xampp\htdocs\lppd\vendor\codeigniter4\framework\system\CodeIgniter.php(825): App\Controllers\Rumus->create()
#5 C:\xampp\htdocs\lppd\vendor\codeigniter4\framework\system\CodeIgniter.php(412): CodeIgniter\CodeIgniter->runController(Object(App\Controllers\Rumus))
#6 C:\xampp\htdocs\lppd\vendor\codeigniter4\framework\system\CodeIgniter.php(320): CodeIgniter\CodeIgniter->handleRequest(NULL, Object(Config\Cache), false)
#7 C:\xampp\htdocs\lppd\public\index.php(37): CodeIgniter\CodeIgniter->run()
#8 {main}
CRITICAL - 2022-03-01 20:51:48 --> Call to undefined function getCombo()
#0 C:\xampp\htdocs\lppd\vendor\codeigniter4\framework\system\View\View.php(210): include()
#1 C:\xampp\htdocs\lppd\vendor\codeigniter4\framework\system\View\View.php(213): CodeIgniter\View\View->CodeIgniter\View\{closure}()
#2 C:\xampp\htdocs\lppd\vendor\codeigniter4\framework\system\Common.php(1089): CodeIgniter\View\View->render('suburusan/form_...', Array, true)
#3 C:\xampp\htdocs\lppd\app\Controllers\SubUrusan.php(100): view('suburusan/form_...', Array)
#4 C:\xampp\htdocs\lppd\vendor\codeigniter4\framework\system\CodeIgniter.php(825): App\Controllers\SubUrusan->create()
#5 C:\xampp\htdocs\lppd\vendor\codeigniter4\framework\system\CodeIgniter.php(412): CodeIgniter\CodeIgniter->runController(Object(App\Controllers\SubUrusan))
#6 C:\xampp\htdocs\lppd\vendor\codeigniter4\framework\system\CodeIgniter.php(320): CodeIgniter\CodeIgniter->handleRequest(NULL, Object(Config\Cache), false)
#7 C:\xampp\htdocs\lppd\public\index.php(37): CodeIgniter\CodeIgniter->run()
#8 {main}
CRITICAL - 2022-03-01 20:52:15 --> Call to undefined function getCombo()
#0 C:\xampp\htdocs\lppd\vendor\codeigniter4\framework\system\View\View.php(210): include()
#1 C:\xampp\htdocs\lppd\vendor\codeigniter4\framework\system\View\View.php(213): CodeIgniter\View\View->CodeIgniter\View\{closure}()
#2 C:\xampp\htdocs\lppd\vendor\codeigniter4\framework\system\Common.php(1089): CodeIgniter\View\View->render('rumus/form_rumu...', Array, true)
#3 C:\xampp\htdocs\lppd\app\Controllers\Rumus.php(89): view('rumus/form_rumu...', Array)
#4 C:\xampp\htdocs\lppd\vendor\codeigniter4\framework\system\CodeIgniter.php(825): App\Controllers\Rumus->create()
#5 C:\xampp\htdocs\lppd\vendor\codeigniter4\framework\system\CodeIgniter.php(412): CodeIgniter\CodeIgniter->runController(Object(App\Controllers\Rumus))
#6 C:\xampp\htdocs\lppd\vendor\codeigniter4\framework\system\CodeIgniter.php(320): CodeIgniter\CodeIgniter->handleRequest(NULL, Object(Config\Cache), false)
#7 C:\xampp\htdocs\lppd\public\index.php(37): CodeIgniter\CodeIgniter->run()
#8 {main}
CRITICAL - 2022-03-01 20:56:59 --> Object of class stdClass could not be converted to string
#0 C:\xampp\htdocs\lppd\vendor\codeigniter4\framework\system\View\View.php(210): include()
#1 C:\xampp\htdocs\lppd\vendor\codeigniter4\framework\system\View\View.php(213): CodeIgniter\View\View->CodeIgniter\View\{closure}()
#2 C:\xampp\htdocs\lppd\vendor\codeigniter4\framework\system\Common.php(1089): CodeIgniter\View\View->render('rumus/index_rum...', Array, true)
#3 C:\xampp\htdocs\lppd\app\Controllers\Rumus.php(61): view('rumus/index_rum...', Array)
#4 C:\xampp\htdocs\lppd\vendor\codeigniter4\framework\system\CodeIgniter.php(825): App\Controllers\Rumus->index()
#5 C:\xampp\htdocs\lppd\vendor\codeigniter4\framework\system\CodeIgniter.php(412): CodeIgniter\CodeIgniter->runController(Object(App\Controllers\Rumus))
#6 C:\xampp\htdocs\lppd\vendor\codeigniter4\framework\system\CodeIgniter.php(320): CodeIgniter\CodeIgniter->handleRequest(NULL, Object(Config\Cache), false)
#7 C:\xampp\htdocs\lppd\public\index.php(37): CodeIgniter\CodeIgniter->run()
#8 {main}
CRITICAL - 2022-03-01 22:09:25 --> Trying to get property 'ikk' of non-object
#0 C:\xampp\htdocs\lppd\app\Views\rumus\index_rumus.php(47): CodeIgniter\Debug\Exceptions->errorHandler(8, 'Trying to get p...', 'C:\\xampp\\htdocs...', 47, Array)
#1 C:\xampp\htdocs\lppd\vendor\codeigniter4\framework\system\View\View.php(210): include('C:\\xampp\\htdocs...')
#2 C:\xampp\htdocs\lppd\vendor\codeigniter4\framework\system\View\View.php(213): CodeIgniter\View\View->CodeIgniter\View\{closure}()
#3 C:\xampp\htdocs\lppd\vendor\codeigniter4\framework\system\Common.php(1089): CodeIgniter\View\View->render('rumus/index_rum...', Array, true)
#4 C:\xampp\htdocs\lppd\app\Controllers\Rumus.php(61): view('rumus/index_rum...', Array)
#5 C:\xampp\htdocs\lppd\vendor\codeigniter4\framework\system\CodeIgniter.php(825): App\Controllers\Rumus->index()
#6 C:\xampp\htdocs\lppd\vendor\codeigniter4\framework\system\CodeIgniter.php(412): CodeIgniter\CodeIgniter->runController(Object(App\Controllers\Rumus))
#7 C:\xampp\htdocs\lppd\vendor\codeigniter4\framework\system\CodeIgniter.php(320): CodeIgniter\CodeIgniter->handleRequest(NULL, Object(Config\Cache), false)
#8 C:\xampp\htdocs\lppd\public\index.php(37): CodeIgniter\CodeIgniter->run()
#9 {main}
