CRITICAL - 2022-02-15 08:32:32 --> Class 'Me' not found
#0 C:\xampp\htdocs\lppd\vendor\codeigniter4\framework\system\View\View.php(210): include()
#1 C:\xampp\htdocs\lppd\vendor\codeigniter4\framework\system\View\View.php(213): CodeIgniter\View\View->CodeIgniter\View\{closure}()
#2 C:\xampp\htdocs\lppd\vendor\codeigniter4\framework\system\View\View.php(226): CodeIgniter\View\View->render('layout/seanthem...', Array, true)
#3 C:\xampp\htdocs\lppd\vendor\codeigniter4\framework\system\Common.php(1089): CodeIgniter\View\View->render('syconfig/index_...', Array, true)
#4 C:\xampp\htdocs\lppd\app\Controllers\SyConfig.php(46): view('syconfig/index_...', Array)
#5 C:\xampp\htdocs\lppd\vendor\codeigniter4\framework\system\CodeIgniter.php(825): App\Controllers\SyConfig->index()
#6 C:\xampp\htdocs\lppd\vendor\codeigniter4\framework\system\CodeIgniter.php(412): CodeIgniter\CodeIgniter->runController(Object(App\Controllers\SyConfig))
#7 C:\xampp\htdocs\lppd\vendor\codeigniter4\framework\system\CodeIgniter.php(320): CodeIgniter\CodeIgniter->handleRequest(NULL, Object(Config\Cache), false)
#8 C:\xampp\htdocs\lppd\public\index.php(37): CodeIgniter\CodeIgniter->run()
#9 C:\xampp\htdocs\lppd\vendor\codeigniter4\framework\system\Commands\Server\rewrite.php(43): require_once('C:\\xampp\\htdocs...')
#10 {main}
CRITICAL - 2022-02-15 08:32:43 --> Class 'Me' not found
#0 C:\xampp\htdocs\lppd\vendor\codeigniter4\framework\system\View\View.php(210): include()
#1 C:\xampp\htdocs\lppd\vendor\codeigniter4\framework\system\View\View.php(213): CodeIgniter\View\View->CodeIgniter\View\{closure}()
#2 C:\xampp\htdocs\lppd\vendor\codeigniter4\framework\system\View\View.php(226): CodeIgniter\View\View->render('layout/seanthem...', Array, true)
#3 C:\xampp\htdocs\lppd\vendor\codeigniter4\framework\system\Common.php(1089): CodeIgniter\View\View->render('syconfig/index_...', Array, true)
#4 C:\xampp\htdocs\lppd\app\Controllers\SyConfig.php(46): view('syconfig/index_...', Array)
#5 C:\xampp\htdocs\lppd\vendor\codeigniter4\framework\system\CodeIgniter.php(825): App\Controllers\SyConfig->index()
#6 C:\xampp\htdocs\lppd\vendor\codeigniter4\framework\system\CodeIgniter.php(412): CodeIgniter\CodeIgniter->runController(Object(App\Controllers\SyConfig))
#7 C:\xampp\htdocs\lppd\vendor\codeigniter4\framework\system\CodeIgniter.php(320): CodeIgniter\CodeIgniter->handleRequest(NULL, Object(Config\Cache), false)
#8 C:\xampp\htdocs\lppd\public\index.php(37): CodeIgniter\CodeIgniter->run()
#9 C:\xampp\htdocs\lppd\vendor\codeigniter4\framework\system\Commands\Server\rewrite.php(43): require_once('C:\\xampp\\htdocs...')
#10 {main}
CRITICAL - 2022-02-15 08:43:25 --> Call to undefined method CodeIgniter\Database\MySQLi\Result::first()
#0 C:\xampp\htdocs\lppd\app\Views\layout\seantheme.php(9): wfApp('APP_NAME')
#1 C:\xampp\htdocs\lppd\vendor\codeigniter4\framework\system\View\View.php(210): include('C:\\xampp\\htdocs...')
#2 C:\xampp\htdocs\lppd\vendor\codeigniter4\framework\system\View\View.php(213): CodeIgniter\View\View->CodeIgniter\View\{closure}()
#3 C:\xampp\htdocs\lppd\vendor\codeigniter4\framework\system\View\View.php(226): CodeIgniter\View\View->render('layout/seanthem...', Array, true)
#4 C:\xampp\htdocs\lppd\vendor\codeigniter4\framework\system\Common.php(1089): CodeIgniter\View\View->render('syconfig/index_...', Array, true)
#5 C:\xampp\htdocs\lppd\app\Controllers\SyConfig.php(46): view('syconfig/index_...', Array)
#6 C:\xampp\htdocs\lppd\vendor\codeigniter4\framework\system\CodeIgniter.php(825): App\Controllers\SyConfig->index()
#7 C:\xampp\htdocs\lppd\vendor\codeigniter4\framework\system\CodeIgniter.php(412): CodeIgniter\CodeIgniter->runController(Object(App\Controllers\SyConfig))
#8 C:\xampp\htdocs\lppd\vendor\codeigniter4\framework\system\CodeIgniter.php(320): CodeIgniter\CodeIgniter->handleRequest(NULL, Object(Config\Cache), false)
#9 C:\xampp\htdocs\lppd\public\index.php(37): CodeIgniter\CodeIgniter->run()
#10 C:\xampp\htdocs\lppd\vendor\codeigniter4\framework\system\Commands\Server\rewrite.php(43): require_once('C:\\xampp\\htdocs...')
#11 {main}
CRITICAL - 2022-02-15 08:44:04 --> Call to undefined method CodeIgniter\Database\MySQLi\Result::row()
#0 C:\xampp\htdocs\lppd\app\Views\layout\seantheme.php(9): wfApp('APP_NAME')
#1 C:\xampp\htdocs\lppd\vendor\codeigniter4\framework\system\View\View.php(210): include('C:\\xampp\\htdocs...')
#2 C:\xampp\htdocs\lppd\vendor\codeigniter4\framework\system\View\View.php(213): CodeIgniter\View\View->CodeIgniter\View\{closure}()
#3 C:\xampp\htdocs\lppd\vendor\codeigniter4\framework\system\View\View.php(226): CodeIgniter\View\View->render('layout/seanthem...', Array, true)
#4 C:\xampp\htdocs\lppd\vendor\codeigniter4\framework\system\Common.php(1089): CodeIgniter\View\View->render('syconfig/index_...', Array, true)
#5 C:\xampp\htdocs\lppd\app\Controllers\SyConfig.php(46): view('syconfig/index_...', Array)
#6 C:\xampp\htdocs\lppd\vendor\codeigniter4\framework\system\CodeIgniter.php(825): App\Controllers\SyConfig->index()
#7 C:\xampp\htdocs\lppd\vendor\codeigniter4\framework\system\CodeIgniter.php(412): CodeIgniter\CodeIgniter->runController(Object(App\Controllers\SyConfig))
#8 C:\xampp\htdocs\lppd\vendor\codeigniter4\framework\system\CodeIgniter.php(320): CodeIgniter\CodeIgniter->handleRequest(NULL, Object(Config\Cache), false)
#9 C:\xampp\htdocs\lppd\public\index.php(37): CodeIgniter\CodeIgniter->run()
#10 C:\xampp\htdocs\lppd\vendor\codeigniter4\framework\system\Commands\Server\rewrite.php(43): require_once('C:\\xampp\\htdocs...')
#11 {main}
CRITICAL - 2022-02-15 08:46:19 --> Class 'Me' not found
#0 C:\xampp\htdocs\lppd\vendor\codeigniter4\framework\system\View\View.php(210): include()
#1 C:\xampp\htdocs\lppd\vendor\codeigniter4\framework\system\View\View.php(213): CodeIgniter\View\View->CodeIgniter\View\{closure}()
#2 C:\xampp\htdocs\lppd\vendor\codeigniter4\framework\system\View\View.php(226): CodeIgniter\View\View->render('layout/seanthem...', Array, true)
#3 C:\xampp\htdocs\lppd\vendor\codeigniter4\framework\system\Common.php(1089): CodeIgniter\View\View->render('syconfig/index_...', Array, true)
#4 C:\xampp\htdocs\lppd\app\Controllers\SyConfig.php(46): view('syconfig/index_...', Array)
#5 C:\xampp\htdocs\lppd\vendor\codeigniter4\framework\system\CodeIgniter.php(825): App\Controllers\SyConfig->index()
#6 C:\xampp\htdocs\lppd\vendor\codeigniter4\framework\system\CodeIgniter.php(412): CodeIgniter\CodeIgniter->runController(Object(App\Controllers\SyConfig))
#7 C:\xampp\htdocs\lppd\vendor\codeigniter4\framework\system\CodeIgniter.php(320): CodeIgniter\CodeIgniter->handleRequest(NULL, Object(Config\Cache), false)
#8 C:\xampp\htdocs\lppd\public\index.php(37): CodeIgniter\CodeIgniter->run()
#9 C:\xampp\htdocs\lppd\vendor\codeigniter4\framework\system\Commands\Server\rewrite.php(43): require_once('C:\\xampp\\htdocs...')
#10 {main}
CRITICAL - 2022-02-15 09:22:53 --> Undefined index: fullname
#0 C:\xampp\htdocs\lppd\app\Views\syconfig\index_sy_config.php(39): CodeIgniter\Debug\Exceptions->errorHandler(8, 'Undefined index...', 'C:\\xampp\\htdocs...', 39, Array)
#1 C:\xampp\htdocs\lppd\vendor\codeigniter4\framework\system\View\View.php(210): include('C:\\xampp\\htdocs...')
#2 C:\xampp\htdocs\lppd\vendor\codeigniter4\framework\system\View\View.php(213): CodeIgniter\View\View->CodeIgniter\View\{closure}()
#3 C:\xampp\htdocs\lppd\vendor\codeigniter4\framework\system\Common.php(1089): CodeIgniter\View\View->render('syconfig/index_...', Array, true)
#4 C:\xampp\htdocs\lppd\app\Controllers\SyConfig.php(46): view('syconfig/index_...', Array)
#5 C:\xampp\htdocs\lppd\vendor\codeigniter4\framework\system\CodeIgniter.php(825): App\Controllers\SyConfig->index()
#6 C:\xampp\htdocs\lppd\vendor\codeigniter4\framework\system\CodeIgniter.php(412): CodeIgniter\CodeIgniter->runController(Object(App\Controllers\SyConfig))
#7 C:\xampp\htdocs\lppd\vendor\codeigniter4\framework\system\CodeIgniter.php(320): CodeIgniter\CodeIgniter->handleRequest(NULL, Object(Config\Cache), false)
#8 C:\xampp\htdocs\lppd\public\index.php(37): CodeIgniter\CodeIgniter->run()
#9 C:\xampp\htdocs\lppd\vendor\codeigniter4\framework\system\Commands\Server\rewrite.php(43): require_once('C:\\xampp\\htdocs...')
#10 {main}
CRITICAL - 2022-02-15 09:23:23 --> Trying to get property 'fullname' of non-object
#0 C:\xampp\htdocs\lppd\app\Views\syconfig\index_sy_config.php(39): CodeIgniter\Debug\Exceptions->errorHandler(8, 'Trying to get p...', 'C:\\xampp\\htdocs...', 39, Array)
#1 C:\xampp\htdocs\lppd\vendor\codeigniter4\framework\system\View\View.php(210): include('C:\\xampp\\htdocs...')
#2 C:\xampp\htdocs\lppd\vendor\codeigniter4\framework\system\View\View.php(213): CodeIgniter\View\View->CodeIgniter\View\{closure}()
#3 C:\xampp\htdocs\lppd\vendor\codeigniter4\framework\system\Common.php(1089): CodeIgniter\View\View->render('syconfig/index_...', Array, true)
#4 C:\xampp\htdocs\lppd\app\Controllers\SyConfig.php(46): view('syconfig/index_...', Array)
#5 C:\xampp\htdocs\lppd\vendor\codeigniter4\framework\system\CodeIgniter.php(825): App\Controllers\SyConfig->index()
#6 C:\xampp\htdocs\lppd\vendor\codeigniter4\framework\system\CodeIgniter.php(412): CodeIgniter\CodeIgniter->runController(Object(App\Controllers\SyConfig))
#7 C:\xampp\htdocs\lppd\vendor\codeigniter4\framework\system\CodeIgniter.php(320): CodeIgniter\CodeIgniter->handleRequest(NULL, Object(Config\Cache), false)
#8 C:\xampp\htdocs\lppd\public\index.php(37): CodeIgniter\CodeIgniter->run()
#9 C:\xampp\htdocs\lppd\vendor\codeigniter4\framework\system\Commands\Server\rewrite.php(43): require_once('C:\\xampp\\htdocs...')
#10 {main}
CRITICAL - 2022-02-15 10:13:31 --> syntax error, unexpected 'created_by' (T_STRING), expecting ']'
#0 C:\xampp\htdocs\lppd\vendor\codeigniter4\framework\system\View\View.php(213): CodeIgniter\View\View->CodeIgniter\View\{closure}()
#1 C:\xampp\htdocs\lppd\vendor\codeigniter4\framework\system\Common.php(1089): CodeIgniter\View\View->render('syuser/form_sy_...', Array, true)
#2 C:\xampp\htdocs\lppd\app\Controllers\SyUser.php(82): view('syuser/form_sy_...', Array)
#3 C:\xampp\htdocs\lppd\vendor\codeigniter4\framework\system\CodeIgniter.php(825): App\Controllers\SyUser->create()
#4 C:\xampp\htdocs\lppd\vendor\codeigniter4\framework\system\CodeIgniter.php(412): CodeIgniter\CodeIgniter->runController(Object(App\Controllers\SyUser))
#5 C:\xampp\htdocs\lppd\vendor\codeigniter4\framework\system\CodeIgniter.php(320): CodeIgniter\CodeIgniter->handleRequest(NULL, Object(Config\Cache), false)
#6 C:\xampp\htdocs\lppd\public\index.php(37): CodeIgniter\CodeIgniter->run()
#7 {main}
CRITICAL - 2022-02-15 10:16:47 --> Use of undefined constant sy_user - assumed 'sy_user' (this will throw an Error in a future version of PHP)
#0 C:\xampp\htdocs\lppd\app\Views\syuser\form_sy_user.php(12): CodeIgniter\Debug\Exceptions->errorHandler(2, 'Use of undefine...', 'C:\\xampp\\htdocs...', 12, Array)
#1 C:\xampp\htdocs\lppd\vendor\codeigniter4\framework\system\View\View.php(210): include('C:\\xampp\\htdocs...')
#2 C:\xampp\htdocs\lppd\vendor\codeigniter4\framework\system\View\View.php(213): CodeIgniter\View\View->CodeIgniter\View\{closure}()
#3 C:\xampp\htdocs\lppd\vendor\codeigniter4\framework\system\Common.php(1089): CodeIgniter\View\View->render('syuser/form_sy_...', Array, true)
#4 C:\xampp\htdocs\lppd\app\Controllers\SyUser.php(82): view('syuser/form_sy_...', Array)
#5 C:\xampp\htdocs\lppd\vendor\codeigniter4\framework\system\CodeIgniter.php(825): App\Controllers\SyUser->create()
#6 C:\xampp\htdocs\lppd\vendor\codeigniter4\framework\system\CodeIgniter.php(412): CodeIgniter\CodeIgniter->runController(Object(App\Controllers\SyUser))
#7 C:\xampp\htdocs\lppd\vendor\codeigniter4\framework\system\CodeIgniter.php(320): CodeIgniter\CodeIgniter->handleRequest(NULL, Object(Config\Cache), false)
#8 C:\xampp\htdocs\lppd\public\index.php(37): CodeIgniter\CodeIgniter->run()
#9 {main}
CRITICAL - 2022-02-15 10:17:19 --> syntax error, unexpected '/'
#0 C:\xampp\htdocs\lppd\vendor\codeigniter4\framework\system\View\View.php(213): CodeIgniter\View\View->CodeIgniter\View\{closure}()
#1 C:\xampp\htdocs\lppd\vendor\codeigniter4\framework\system\Common.php(1089): CodeIgniter\View\View->render('syuser/form_sy_...', Array, true)
#2 C:\xampp\htdocs\lppd\app\Controllers\SyUser.php(82): view('syuser/form_sy_...', Array)
#3 C:\xampp\htdocs\lppd\vendor\codeigniter4\framework\system\CodeIgniter.php(825): App\Controllers\SyUser->create()
#4 C:\xampp\htdocs\lppd\vendor\codeigniter4\framework\system\CodeIgniter.php(412): CodeIgniter\CodeIgniter->runController(Object(App\Controllers\SyUser))
#5 C:\xampp\htdocs\lppd\vendor\codeigniter4\framework\system\CodeIgniter.php(320): CodeIgniter\CodeIgniter->handleRequest(NULL, Object(Config\Cache), false)
#6 C:\xampp\htdocs\lppd\public\index.php(37): CodeIgniter\CodeIgniter->run()
#7 {main}
CRITICAL - 2022-02-15 10:18:09 --> syntax error, unexpected 'created_by' (T_STRING), expecting ']'
#0 C:\xampp\htdocs\lppd\vendor\codeigniter4\framework\system\View\View.php(213): CodeIgniter\View\View->CodeIgniter\View\{closure}()
#1 C:\xampp\htdocs\lppd\vendor\codeigniter4\framework\system\Common.php(1089): CodeIgniter\View\View->render('syuser/form_sy_...', Array, true)
#2 C:\xampp\htdocs\lppd\app\Controllers\SyUser.php(82): view('syuser/form_sy_...', Array)
#3 C:\xampp\htdocs\lppd\vendor\codeigniter4\framework\system\CodeIgniter.php(825): App\Controllers\SyUser->create()
#4 C:\xampp\htdocs\lppd\vendor\codeigniter4\framework\system\CodeIgniter.php(412): CodeIgniter\CodeIgniter->runController(Object(App\Controllers\SyUser))
#5 C:\xampp\htdocs\lppd\vendor\codeigniter4\framework\system\CodeIgniter.php(320): CodeIgniter\CodeIgniter->handleRequest(NULL, Object(Config\Cache), false)
#6 C:\xampp\htdocs\lppd\public\index.php(37): CodeIgniter\CodeIgniter->run()
#7 {main}
CRITICAL - 2022-02-15 10:19:55 --> Use of undefined constant sy_user - assumed 'sy_user' (this will throw an Error in a future version of PHP)
#0 C:\xampp\htdocs\lppd\app\Views\syuser\form_sy_user.php(12): CodeIgniter\Debug\Exceptions->errorHandler(2, 'Use of undefine...', 'C:\\xampp\\htdocs...', 12, Array)
#1 C:\xampp\htdocs\lppd\vendor\codeigniter4\framework\system\View\View.php(210): include('C:\\xampp\\htdocs...')
#2 C:\xampp\htdocs\lppd\vendor\codeigniter4\framework\system\View\View.php(213): CodeIgniter\View\View->CodeIgniter\View\{closure}()
#3 C:\xampp\htdocs\lppd\vendor\codeigniter4\framework\system\Common.php(1089): CodeIgniter\View\View->render('syuser/form_sy_...', Array, true)
#4 C:\xampp\htdocs\lppd\app\Controllers\SyUser.php(82): view('syuser/form_sy_...', Array)
#5 C:\xampp\htdocs\lppd\vendor\codeigniter4\framework\system\CodeIgniter.php(825): App\Controllers\SyUser->create()
#6 C:\xampp\htdocs\lppd\vendor\codeigniter4\framework\system\CodeIgniter.php(412): CodeIgniter\CodeIgniter->runController(Object(App\Controllers\SyUser))
#7 C:\xampp\htdocs\lppd\vendor\codeigniter4\framework\system\CodeIgniter.php(320): CodeIgniter\CodeIgniter->handleRequest(NULL, Object(Config\Cache), false)
#8 C:\xampp\htdocs\lppd\public\index.php(37): CodeIgniter\CodeIgniter->run()
#9 {main}
ERROR - 2022-02-15 18:25:50 --> Error connecting to the database: No connection could be made because the target machine actively refused it.

CRITICAL - 2022-02-15 18:25:50 --> Unable to connect to the database.
Main connection [MySQLi]: No connection could be made because the target machine actively refused it.

#0 C:\xampp\htdocs\lppd\vendor\codeigniter4\framework\system\Database\BaseConnection.php(577): CodeIgniter\Database\BaseConnection->initialize()
#1 C:\xampp\htdocs\lppd\vendor\codeigniter4\framework\system\Database\BaseBuilder.php(1539): CodeIgniter\Database\BaseConnection->query('SELECT COUNT(*)...', Array, false)
#2 C:\xampp\htdocs\lppd\vendor\codeigniter4\framework\system\Model.php(509): CodeIgniter\Database\BaseBuilder->countAllResults(false)
#3 C:\xampp\htdocs\lppd\vendor\codeigniter4\framework\system\BaseModel.php(1084): CodeIgniter\Model->countAllResults(false)
#4 C:\xampp\htdocs\lppd\app\Controllers\SyUser.php(39): CodeIgniter\BaseModel->paginate(5, 'paging')
#5 C:\xampp\htdocs\lppd\vendor\codeigniter4\framework\system\CodeIgniter.php(825): App\Controllers\SyUser->index()
#6 C:\xampp\htdocs\lppd\vendor\codeigniter4\framework\system\CodeIgniter.php(412): CodeIgniter\CodeIgniter->runController(Object(App\Controllers\SyUser))
#7 C:\xampp\htdocs\lppd\vendor\codeigniter4\framework\system\CodeIgniter.php(320): CodeIgniter\CodeIgniter->handleRequest(NULL, Object(Config\Cache), false)
#8 C:\xampp\htdocs\lppd\public\index.php(37): CodeIgniter\CodeIgniter->run()
#9 {main}
CRITICAL - 2022-02-15 20:28:25 --> Trying to access array offset on value of type null
#0 C:\xampp\htdocs\lppd\app\Views\syconfig\read_sy_config.php(11): CodeIgniter\Debug\Exceptions->errorHandler(8, 'Trying to acces...', 'C:\\xampp\\htdocs...', 11, Array)
#1 C:\xampp\htdocs\lppd\vendor\codeigniter4\framework\system\View\View.php(210): include('C:\\xampp\\htdocs...')
#2 C:\xampp\htdocs\lppd\vendor\codeigniter4\framework\system\View\View.php(213): CodeIgniter\View\View->CodeIgniter\View\{closure}()
#3 C:\xampp\htdocs\lppd\vendor\codeigniter4\framework\system\Common.php(1089): CodeIgniter\View\View->render('syconfig/read_s...', Array, true)
#4 C:\xampp\htdocs\lppd\app\Controllers\SyConfig.php(57): view('syconfig/read_s...', Array)
#5 C:\xampp\htdocs\lppd\vendor\codeigniter4\framework\system\CodeIgniter.php(825): App\Controllers\SyConfig->read('assets', 'img', 'user-1.jpg')
#6 C:\xampp\htdocs\lppd\vendor\codeigniter4\framework\system\CodeIgniter.php(412): CodeIgniter\CodeIgniter->runController(Object(App\Controllers\SyConfig))
#7 C:\xampp\htdocs\lppd\vendor\codeigniter4\framework\system\CodeIgniter.php(320): CodeIgniter\CodeIgniter->handleRequest(NULL, Object(Config\Cache), false)
#8 C:\xampp\htdocs\lppd\public\index.php(37): CodeIgniter\CodeIgniter->run()
#9 {main}
CRITICAL - 2022-02-15 20:28:25 --> Trying to access array offset on value of type null
#0 C:\xampp\htdocs\lppd\app\Views\syconfig\read_sy_config.php(11): CodeIgniter\Debug\Exceptions->errorHandler(8, 'Trying to acces...', 'C:\\xampp\\htdocs...', 11, Array)
#1 C:\xampp\htdocs\lppd\vendor\codeigniter4\framework\system\View\View.php(210): include('C:\\xampp\\htdocs...')
#2 C:\xampp\htdocs\lppd\vendor\codeigniter4\framework\system\View\View.php(213): CodeIgniter\View\View->CodeIgniter\View\{closure}()
#3 C:\xampp\htdocs\lppd\vendor\codeigniter4\framework\system\Common.php(1089): CodeIgniter\View\View->render('syconfig/read_s...', Array, true)
#4 C:\xampp\htdocs\lppd\app\Controllers\SyConfig.php(57): view('syconfig/read_s...', Array)
#5 C:\xampp\htdocs\lppd\vendor\codeigniter4\framework\system\CodeIgniter.php(825): App\Controllers\SyConfig->read('assets', 'img', 'user-2.jpg')
#6 C:\xampp\htdocs\lppd\vendor\codeigniter4\framework\system\CodeIgniter.php(412): CodeIgniter\CodeIgniter->runController(Object(App\Controllers\SyConfig))
#7 C:\xampp\htdocs\lppd\vendor\codeigniter4\framework\system\CodeIgniter.php(320): CodeIgniter\CodeIgniter->handleRequest(NULL, Object(Config\Cache), false)
#8 C:\xampp\htdocs\lppd\public\index.php(37): CodeIgniter\CodeIgniter->run()
#9 {main}
CRITICAL - 2022-02-15 20:28:25 --> Trying to access array offset on value of type null
#0 C:\xampp\htdocs\lppd\app\Views\syconfig\read_sy_config.php(11): CodeIgniter\Debug\Exceptions->errorHandler(8, 'Trying to acces...', 'C:\\xampp\\htdocs...', 11, Array)
#1 C:\xampp\htdocs\lppd\vendor\codeigniter4\framework\system\View\View.php(210): include('C:\\xampp\\htdocs...')
#2 C:\xampp\htdocs\lppd\vendor\codeigniter4\framework\system\View\View.php(213): CodeIgniter\View\View->CodeIgniter\View\{closure}()
#3 C:\xampp\htdocs\lppd\vendor\codeigniter4\framework\system\Common.php(1089): CodeIgniter\View\View->render('syconfig/read_s...', Array, true)
#4 C:\xampp\htdocs\lppd\app\Controllers\SyConfig.php(57): view('syconfig/read_s...', Array)
#5 C:\xampp\htdocs\lppd\vendor\codeigniter4\framework\system\CodeIgniter.php(825): App\Controllers\SyConfig->read('assets', 'img', 'user-13.jpg')
#6 C:\xampp\htdocs\lppd\vendor\codeigniter4\framework\system\CodeIgniter.php(412): CodeIgniter\CodeIgniter->runController(Object(App\Controllers\SyConfig))
#7 C:\xampp\htdocs\lppd\vendor\codeigniter4\framework\system\CodeIgniter.php(320): CodeIgniter\CodeIgniter->handleRequest(NULL, Object(Config\Cache), false)
#8 C:\xampp\htdocs\lppd\public\index.php(37): CodeIgniter\CodeIgniter->run()
#9 {main}
CRITICAL - 2022-02-15 20:28:27 --> Trying to access array offset on value of type null
#0 C:\xampp\htdocs\lppd\app\Views\syconfig\read_sy_config.php(11): CodeIgniter\Debug\Exceptions->errorHandler(8, 'Trying to acces...', 'C:\\xampp\\htdocs...', 11, Array)
#1 C:\xampp\htdocs\lppd\vendor\codeigniter4\framework\system\View\View.php(210): include('C:\\xampp\\htdocs...')
#2 C:\xampp\htdocs\lppd\vendor\codeigniter4\framework\system\View\View.php(213): CodeIgniter\View\View->CodeIgniter\View\{closure}()
#3 C:\xampp\htdocs\lppd\vendor\codeigniter4\framework\system\Common.php(1089): CodeIgniter\View\View->render('syconfig/read_s...', Array, true)
#4 C:\xampp\htdocs\lppd\app\Controllers\SyConfig.php(57): view('syconfig/read_s...', Array)
#5 C:\xampp\htdocs\lppd\vendor\codeigniter4\framework\system\CodeIgniter.php(825): App\Controllers\SyConfig->read('assets', 'img', 'user-2.jpg')
#6 C:\xampp\htdocs\lppd\vendor\codeigniter4\framework\system\CodeIgniter.php(412): CodeIgniter\CodeIgniter->runController(Object(App\Controllers\SyConfig))
#7 C:\xampp\htdocs\lppd\vendor\codeigniter4\framework\system\CodeIgniter.php(320): CodeIgniter\CodeIgniter->handleRequest(NULL, Object(Config\Cache), false)
#8 C:\xampp\htdocs\lppd\public\index.php(37): CodeIgniter\CodeIgniter->run()
#9 {main}
CRITICAL - 2022-02-15 20:47:01 --> Trying to access array offset on value of type null
#0 C:\xampp\htdocs\lppd\app\Views\syconfig\read_sy_config.php(11): CodeIgniter\Debug\Exceptions->errorHandler(8, 'Trying to acces...', 'C:\\xampp\\htdocs...', 11, Array)
#1 C:\xampp\htdocs\lppd\vendor\codeigniter4\framework\system\View\View.php(210): include('C:\\xampp\\htdocs...')
#2 C:\xampp\htdocs\lppd\vendor\codeigniter4\framework\system\View\View.php(213): CodeIgniter\View\View->CodeIgniter\View\{closure}()
#3 C:\xampp\htdocs\lppd\vendor\codeigniter4\framework\system\Common.php(1089): CodeIgniter\View\View->render('syconfig/read_s...', Array, true)
#4 C:\xampp\htdocs\lppd\app\Controllers\SyConfig.php(57): view('syconfig/read_s...', Array)
#5 C:\xampp\htdocs\lppd\vendor\codeigniter4\framework\system\CodeIgniter.php(825): App\Controllers\SyConfig->read('assets', 'img', 'user-1.jpg')
#6 C:\xampp\htdocs\lppd\vendor\codeigniter4\framework\system\CodeIgniter.php(412): CodeIgniter\CodeIgniter->runController(Object(App\Controllers\SyConfig))
#7 C:\xampp\htdocs\lppd\vendor\codeigniter4\framework\system\CodeIgniter.php(320): CodeIgniter\CodeIgniter->handleRequest(NULL, Object(Config\Cache), false)
#8 C:\xampp\htdocs\lppd\public\index.php(37): CodeIgniter\CodeIgniter->run()
#9 {main}
CRITICAL - 2022-02-15 20:47:02 --> Trying to access array offset on value of type null
#0 C:\xampp\htdocs\lppd\app\Views\syconfig\read_sy_config.php(11): CodeIgniter\Debug\Exceptions->errorHandler(8, 'Trying to acces...', 'C:\\xampp\\htdocs...', 11, Array)
#1 C:\xampp\htdocs\lppd\vendor\codeigniter4\framework\system\View\View.php(210): include('C:\\xampp\\htdocs...')
#2 C:\xampp\htdocs\lppd\vendor\codeigniter4\framework\system\View\View.php(213): CodeIgniter\View\View->CodeIgniter\View\{closure}()
#3 C:\xampp\htdocs\lppd\vendor\codeigniter4\framework\system\Common.php(1089): CodeIgniter\View\View->render('syconfig/read_s...', Array, true)
#4 C:\xampp\htdocs\lppd\app\Controllers\SyConfig.php(57): view('syconfig/read_s...', Array)
#5 C:\xampp\htdocs\lppd\vendor\codeigniter4\framework\system\CodeIgniter.php(825): App\Controllers\SyConfig->read('assets', 'img', 'user-2.jpg')
#6 C:\xampp\htdocs\lppd\vendor\codeigniter4\framework\system\CodeIgniter.php(412): CodeIgniter\CodeIgniter->runController(Object(App\Controllers\SyConfig))
#7 C:\xampp\htdocs\lppd\vendor\codeigniter4\framework\system\CodeIgniter.php(320): CodeIgniter\CodeIgniter->handleRequest(NULL, Object(Config\Cache), false)
#8 C:\xampp\htdocs\lppd\public\index.php(37): CodeIgniter\CodeIgniter->run()
#9 {main}
CRITICAL - 2022-02-15 20:47:02 --> Trying to access array offset on value of type null
#0 C:\xampp\htdocs\lppd\app\Views\syconfig\read_sy_config.php(11): CodeIgniter\Debug\Exceptions->errorHandler(8, 'Trying to acces...', 'C:\\xampp\\htdocs...', 11, Array)
#1 C:\xampp\htdocs\lppd\vendor\codeigniter4\framework\system\View\View.php(210): include('C:\\xampp\\htdocs...')
#2 C:\xampp\htdocs\lppd\vendor\codeigniter4\framework\system\View\View.php(213): CodeIgniter\View\View->CodeIgniter\View\{closure}()
#3 C:\xampp\htdocs\lppd\vendor\codeigniter4\framework\system\Common.php(1089): CodeIgniter\View\View->render('syconfig/read_s...', Array, true)
#4 C:\xampp\htdocs\lppd\app\Controllers\SyConfig.php(57): view('syconfig/read_s...', Array)
#5 C:\xampp\htdocs\lppd\vendor\codeigniter4\framework\system\CodeIgniter.php(825): App\Controllers\SyConfig->read('assets', 'img', 'user-13.jpg')
#6 C:\xampp\htdocs\lppd\vendor\codeigniter4\framework\system\CodeIgniter.php(412): CodeIgniter\CodeIgniter->runController(Object(App\Controllers\SyConfig))
#7 C:\xampp\htdocs\lppd\vendor\codeigniter4\framework\system\CodeIgniter.php(320): CodeIgniter\CodeIgniter->handleRequest(NULL, Object(Config\Cache), false)
#8 C:\xampp\htdocs\lppd\public\index.php(37): CodeIgniter\CodeIgniter->run()
#9 {main}
CRITICAL - 2022-02-15 20:47:03 --> Trying to access array offset on value of type null
#0 C:\xampp\htdocs\lppd\app\Views\syconfig\read_sy_config.php(11): CodeIgniter\Debug\Exceptions->errorHandler(8, 'Trying to acces...', 'C:\\xampp\\htdocs...', 11, Array)
#1 C:\xampp\htdocs\lppd\vendor\codeigniter4\framework\system\View\View.php(210): include('C:\\xampp\\htdocs...')
#2 C:\xampp\htdocs\lppd\vendor\codeigniter4\framework\system\View\View.php(213): CodeIgniter\View\View->CodeIgniter\View\{closure}()
#3 C:\xampp\htdocs\lppd\vendor\codeigniter4\framework\system\Common.php(1089): CodeIgniter\View\View->render('syconfig/read_s...', Array, true)
#4 C:\xampp\htdocs\lppd\app\Controllers\SyConfig.php(57): view('syconfig/read_s...', Array)
#5 C:\xampp\htdocs\lppd\vendor\codeigniter4\framework\system\CodeIgniter.php(825): App\Controllers\SyConfig->read('assets', 'img', 'user-2.jpg')
#6 C:\xampp\htdocs\lppd\vendor\codeigniter4\framework\system\CodeIgniter.php(412): CodeIgniter\CodeIgniter->runController(Object(App\Controllers\SyConfig))
#7 C:\xampp\htdocs\lppd\vendor\codeigniter4\framework\system\CodeIgniter.php(320): CodeIgniter\CodeIgniter->handleRequest(NULL, Object(Config\Cache), false)
#8 C:\xampp\htdocs\lppd\public\index.php(37): CodeIgniter\CodeIgniter->run()
#9 {main}
CRITICAL - 2022-02-15 20:48:26 --> Trying to access array offset on value of type null
#0 C:\xampp\htdocs\lppd\app\Views\syconfig\read_sy_config.php(11): CodeIgniter\Debug\Exceptions->errorHandler(8, 'Trying to acces...', 'C:\\xampp\\htdocs...', 11, Array)
#1 C:\xampp\htdocs\lppd\vendor\codeigniter4\framework\system\View\View.php(210): include('C:\\xampp\\htdocs...')
#2 C:\xampp\htdocs\lppd\vendor\codeigniter4\framework\system\View\View.php(213): CodeIgniter\View\View->CodeIgniter\View\{closure}()
#3 C:\xampp\htdocs\lppd\vendor\codeigniter4\framework\system\Common.php(1089): CodeIgniter\View\View->render('syconfig/read_s...', Array, true)
#4 C:\xampp\htdocs\lppd\app\Controllers\SyConfig.php(57): view('syconfig/read_s...', Array)
#5 C:\xampp\htdocs\lppd\vendor\codeigniter4\framework\system\CodeIgniter.php(825): App\Controllers\SyConfig->read('assets', 'img', 'user-1.jpg')
#6 C:\xampp\htdocs\lppd\vendor\codeigniter4\framework\system\CodeIgniter.php(412): CodeIgniter\CodeIgniter->runController(Object(App\Controllers\SyConfig))
#7 C:\xampp\htdocs\lppd\vendor\codeigniter4\framework\system\CodeIgniter.php(320): CodeIgniter\CodeIgniter->handleRequest(NULL, Object(Config\Cache), false)
#8 C:\xampp\htdocs\lppd\public\index.php(37): CodeIgniter\CodeIgniter->run()
#9 {main}
CRITICAL - 2022-02-15 20:48:26 --> Trying to access array offset on value of type null
#0 C:\xampp\htdocs\lppd\app\Views\syconfig\read_sy_config.php(11): CodeIgniter\Debug\Exceptions->errorHandler(8, 'Trying to acces...', 'C:\\xampp\\htdocs...', 11, Array)
#1 C:\xampp\htdocs\lppd\vendor\codeigniter4\framework\system\View\View.php(210): include('C:\\xampp\\htdocs...')
#2 C:\xampp\htdocs\lppd\vendor\codeigniter4\framework\system\View\View.php(213): CodeIgniter\View\View->CodeIgniter\View\{closure}()
#3 C:\xampp\htdocs\lppd\vendor\codeigniter4\framework\system\Common.php(1089): CodeIgniter\View\View->render('syconfig/read_s...', Array, true)
#4 C:\xampp\htdocs\lppd\app\Controllers\SyConfig.php(57): view('syconfig/read_s...', Array)
#5 C:\xampp\htdocs\lppd\vendor\codeigniter4\framework\system\CodeIgniter.php(825): App\Controllers\SyConfig->read('assets', 'img', 'user-2.jpg')
#6 C:\xampp\htdocs\lppd\vendor\codeigniter4\framework\system\CodeIgniter.php(412): CodeIgniter\CodeIgniter->runController(Object(App\Controllers\SyConfig))
#7 C:\xampp\htdocs\lppd\vendor\codeigniter4\framework\system\CodeIgniter.php(320): CodeIgniter\CodeIgniter->handleRequest(NULL, Object(Config\Cache), false)
#8 C:\xampp\htdocs\lppd\public\index.php(37): CodeIgniter\CodeIgniter->run()
#9 {main}
CRITICAL - 2022-02-15 20:48:26 --> Trying to access array offset on value of type null
#0 C:\xampp\htdocs\lppd\app\Views\syconfig\read_sy_config.php(11): CodeIgniter\Debug\Exceptions->errorHandler(8, 'Trying to acces...', 'C:\\xampp\\htdocs...', 11, Array)
#1 C:\xampp\htdocs\lppd\vendor\codeigniter4\framework\system\View\View.php(210): include('C:\\xampp\\htdocs...')
#2 C:\xampp\htdocs\lppd\vendor\codeigniter4\framework\system\View\View.php(213): CodeIgniter\View\View->CodeIgniter\View\{closure}()
#3 C:\xampp\htdocs\lppd\vendor\codeigniter4\framework\system\Common.php(1089): CodeIgniter\View\View->render('syconfig/read_s...', Array, true)
#4 C:\xampp\htdocs\lppd\app\Controllers\SyConfig.php(57): view('syconfig/read_s...', Array)
#5 C:\xampp\htdocs\lppd\vendor\codeigniter4\framework\system\CodeIgniter.php(825): App\Controllers\SyConfig->read('assets', 'img', 'user-13.jpg')
#6 C:\xampp\htdocs\lppd\vendor\codeigniter4\framework\system\CodeIgniter.php(412): CodeIgniter\CodeIgniter->runController(Object(App\Controllers\SyConfig))
#7 C:\xampp\htdocs\lppd\vendor\codeigniter4\framework\system\CodeIgniter.php(320): CodeIgniter\CodeIgniter->handleRequest(NULL, Object(Config\Cache), false)
#8 C:\xampp\htdocs\lppd\public\index.php(37): CodeIgniter\CodeIgniter->run()
#9 {main}
CRITICAL - 2022-02-15 20:48:28 --> Trying to access array offset on value of type null
#0 C:\xampp\htdocs\lppd\app\Views\syconfig\read_sy_config.php(11): CodeIgniter\Debug\Exceptions->errorHandler(8, 'Trying to acces...', 'C:\\xampp\\htdocs...', 11, Array)
#1 C:\xampp\htdocs\lppd\vendor\codeigniter4\framework\system\View\View.php(210): include('C:\\xampp\\htdocs...')
#2 C:\xampp\htdocs\lppd\vendor\codeigniter4\framework\system\View\View.php(213): CodeIgniter\View\View->CodeIgniter\View\{closure}()
#3 C:\xampp\htdocs\lppd\vendor\codeigniter4\framework\system\Common.php(1089): CodeIgniter\View\View->render('syconfig/read_s...', Array, true)
#4 C:\xampp\htdocs\lppd\app\Controllers\SyConfig.php(57): view('syconfig/read_s...', Array)
#5 C:\xampp\htdocs\lppd\vendor\codeigniter4\framework\system\CodeIgniter.php(825): App\Controllers\SyConfig->read('assets', 'img', 'user-2.jpg')
#6 C:\xampp\htdocs\lppd\vendor\codeigniter4\framework\system\CodeIgniter.php(412): CodeIgniter\CodeIgniter->runController(Object(App\Controllers\SyConfig))
#7 C:\xampp\htdocs\lppd\vendor\codeigniter4\framework\system\CodeIgniter.php(320): CodeIgniter\CodeIgniter->handleRequest(NULL, Object(Config\Cache), false)
#8 C:\xampp\htdocs\lppd\public\index.php(37): CodeIgniter\CodeIgniter->run()
#9 {main}
CRITICAL - 2022-02-15 20:48:39 --> Invalid file: layout/template.php
#0 C:\xampp\htdocs\lppd\vendor\codeigniter4\framework\system\View\View.php(198): CodeIgniter\Exceptions\FrameworkException::forInvalidFile('layout/template...')
#1 C:\xampp\htdocs\lppd\vendor\codeigniter4\framework\system\View\View.php(226): CodeIgniter\View\View->render('layout/template', Array, true)
#2 C:\xampp\htdocs\lppd\vendor\codeigniter4\framework\system\Common.php(1089): CodeIgniter\View\View->render('syuser/read_sy_...', Array, true)
#3 C:\xampp\htdocs\lppd\app\Controllers\SyUser.php(53): view('syuser/read_sy_...', Array)
#4 C:\xampp\htdocs\lppd\vendor\codeigniter4\framework\system\CodeIgniter.php(825): App\Controllers\SyUser->read('1')
#5 C:\xampp\htdocs\lppd\vendor\codeigniter4\framework\system\CodeIgniter.php(412): CodeIgniter\CodeIgniter->runController(Object(App\Controllers\SyUser))
#6 C:\xampp\htdocs\lppd\vendor\codeigniter4\framework\system\CodeIgniter.php(320): CodeIgniter\CodeIgniter->handleRequest(NULL, Object(Config\Cache), false)
#7 C:\xampp\htdocs\lppd\public\index.php(37): CodeIgniter\CodeIgniter->run()
#8 {main}
CRITICAL - 2022-02-15 20:50:05 --> Invalid file: layout/template.php
#0 C:\xampp\htdocs\lppd\vendor\codeigniter4\framework\system\View\View.php(198): CodeIgniter\Exceptions\FrameworkException::forInvalidFile('layout/template...')
#1 C:\xampp\htdocs\lppd\vendor\codeigniter4\framework\system\View\View.php(226): CodeIgniter\View\View->render('layout/template', Array, true)
#2 C:\xampp\htdocs\lppd\vendor\codeigniter4\framework\system\Common.php(1089): CodeIgniter\View\View->render('syuser/read_sy_...', Array, true)
#3 C:\xampp\htdocs\lppd\app\Controllers\SyUser.php(53): view('syuser/read_sy_...', Array)
#4 C:\xampp\htdocs\lppd\vendor\codeigniter4\framework\system\CodeIgniter.php(825): App\Controllers\SyUser->read('1')
#5 C:\xampp\htdocs\lppd\vendor\codeigniter4\framework\system\CodeIgniter.php(412): CodeIgniter\CodeIgniter->runController(Object(App\Controllers\SyUser))
#6 C:\xampp\htdocs\lppd\vendor\codeigniter4\framework\system\CodeIgniter.php(320): CodeIgniter\CodeIgniter->handleRequest(NULL, Object(Config\Cache), false)
#7 C:\xampp\htdocs\lppd\public\index.php(37): CodeIgniter\CodeIgniter->run()
#8 {main}
CRITICAL - 2022-02-15 20:50:34 --> Invalid file: layout/template.php
#0 C:\xampp\htdocs\lppd\vendor\codeigniter4\framework\system\View\View.php(198): CodeIgniter\Exceptions\FrameworkException::forInvalidFile('layout/template...')
#1 C:\xampp\htdocs\lppd\vendor\codeigniter4\framework\system\View\View.php(226): CodeIgniter\View\View->render('layout/template', Array, true)
#2 C:\xampp\htdocs\lppd\vendor\codeigniter4\framework\system\Common.php(1089): CodeIgniter\View\View->render('syuser/read_sy_...', Array, true)
#3 C:\xampp\htdocs\lppd\app\Controllers\SyUser.php(53): view('syuser/read_sy_...', Array)
#4 C:\xampp\htdocs\lppd\vendor\codeigniter4\framework\system\CodeIgniter.php(825): App\Controllers\SyUser->read('1')
#5 C:\xampp\htdocs\lppd\vendor\codeigniter4\framework\system\CodeIgniter.php(412): CodeIgniter\CodeIgniter->runController(Object(App\Controllers\SyUser))
#6 C:\xampp\htdocs\lppd\vendor\codeigniter4\framework\system\CodeIgniter.php(320): CodeIgniter\CodeIgniter->handleRequest(NULL, Object(Config\Cache), false)
#7 C:\xampp\htdocs\lppd\public\index.php(37): CodeIgniter\CodeIgniter->run()
#8 {main}
CRITICAL - 2022-02-15 20:50:51 --> Invalid file: layout/template.php
#0 C:\xampp\htdocs\lppd\vendor\codeigniter4\framework\system\View\View.php(198): CodeIgniter\Exceptions\FrameworkException::forInvalidFile('layout/template...')
#1 C:\xampp\htdocs\lppd\vendor\codeigniter4\framework\system\View\View.php(226): CodeIgniter\View\View->render('layout/template', Array, true)
#2 C:\xampp\htdocs\lppd\vendor\codeigniter4\framework\system\Common.php(1089): CodeIgniter\View\View->render('syuser/read_sy_...', Array, true)
#3 C:\xampp\htdocs\lppd\app\Controllers\SyUser.php(53): view('syuser/read_sy_...', Array)
#4 C:\xampp\htdocs\lppd\vendor\codeigniter4\framework\system\CodeIgniter.php(825): App\Controllers\SyUser->read('1')
#5 C:\xampp\htdocs\lppd\vendor\codeigniter4\framework\system\CodeIgniter.php(412): CodeIgniter\CodeIgniter->runController(Object(App\Controllers\SyUser))
#6 C:\xampp\htdocs\lppd\vendor\codeigniter4\framework\system\CodeIgniter.php(320): CodeIgniter\CodeIgniter->handleRequest(NULL, Object(Config\Cache), false)
#7 C:\xampp\htdocs\lppd\public\index.php(37): CodeIgniter\CodeIgniter->run()
#8 {main}
CRITICAL - 2022-02-15 20:51:20 --> Invalid file: layout/template.php
#0 C:\xampp\htdocs\lppd\vendor\codeigniter4\framework\system\View\View.php(198): CodeIgniter\Exceptions\FrameworkException::forInvalidFile('layout/template...')
#1 C:\xampp\htdocs\lppd\vendor\codeigniter4\framework\system\View\View.php(226): CodeIgniter\View\View->render('layout/template', Array, true)
#2 C:\xampp\htdocs\lppd\vendor\codeigniter4\framework\system\Common.php(1089): CodeIgniter\View\View->render('syuser/read_sy_...', Array, true)
#3 C:\xampp\htdocs\lppd\app\Controllers\SyUser.php(53): view('syuser/read_sy_...', Array)
#4 C:\xampp\htdocs\lppd\vendor\codeigniter4\framework\system\CodeIgniter.php(825): App\Controllers\SyUser->read('1')
#5 C:\xampp\htdocs\lppd\vendor\codeigniter4\framework\system\CodeIgniter.php(412): CodeIgniter\CodeIgniter->runController(Object(App\Controllers\SyUser))
#6 C:\xampp\htdocs\lppd\vendor\codeigniter4\framework\system\CodeIgniter.php(320): CodeIgniter\CodeIgniter->handleRequest(NULL, Object(Config\Cache), false)
#7 C:\xampp\htdocs\lppd\public\index.php(37): CodeIgniter\CodeIgniter->run()
#8 {main}
CRITICAL - 2022-02-15 20:51:56 --> Invalid file: layout/template.php
#0 C:\xampp\htdocs\lppd\vendor\codeigniter4\framework\system\View\View.php(198): CodeIgniter\Exceptions\FrameworkException::forInvalidFile('layout/template...')
#1 C:\xampp\htdocs\lppd\vendor\codeigniter4\framework\system\View\View.php(226): CodeIgniter\View\View->render('layout/template', Array, true)
#2 C:\xampp\htdocs\lppd\vendor\codeigniter4\framework\system\Common.php(1089): CodeIgniter\View\View->render('syuser/read_sy_...', Array, true)
#3 C:\xampp\htdocs\lppd\app\Controllers\SyUser.php(53): view('syuser/read_sy_...', Array)
#4 C:\xampp\htdocs\lppd\vendor\codeigniter4\framework\system\CodeIgniter.php(825): App\Controllers\SyUser->read('1')
#5 C:\xampp\htdocs\lppd\vendor\codeigniter4\framework\system\CodeIgniter.php(412): CodeIgniter\CodeIgniter->runController(Object(App\Controllers\SyUser))
#6 C:\xampp\htdocs\lppd\vendor\codeigniter4\framework\system\CodeIgniter.php(320): CodeIgniter\CodeIgniter->handleRequest(NULL, Object(Config\Cache), false)
#7 C:\xampp\htdocs\lppd\public\index.php(37): CodeIgniter\CodeIgniter->run()
#8 {main}
CRITICAL - 2022-02-15 20:53:35 --> Trying to access array offset on value of type null
#0 C:\xampp\htdocs\lppd\app\Views\syuser\read_sy_user.php(9): CodeIgniter\Debug\Exceptions->errorHandler(8, 'Trying to acces...', 'C:\\xampp\\htdocs...', 9, Array)
#1 C:\xampp\htdocs\lppd\vendor\codeigniter4\framework\system\View\View.php(210): include('C:\\xampp\\htdocs...')
#2 C:\xampp\htdocs\lppd\vendor\codeigniter4\framework\system\View\View.php(213): CodeIgniter\View\View->CodeIgniter\View\{closure}()
#3 C:\xampp\htdocs\lppd\vendor\codeigniter4\framework\system\Common.php(1089): CodeIgniter\View\View->render('syuser/read_sy_...', Array, true)
#4 C:\xampp\htdocs\lppd\app\Controllers\SyUser.php(53): view('syuser/read_sy_...', Array)
#5 C:\xampp\htdocs\lppd\vendor\codeigniter4\framework\system\CodeIgniter.php(825): App\Controllers\SyUser->read('assets', 'img', 'user-1.jpg')
#6 C:\xampp\htdocs\lppd\vendor\codeigniter4\framework\system\CodeIgniter.php(412): CodeIgniter\CodeIgniter->runController(Object(App\Controllers\SyUser))
#7 C:\xampp\htdocs\lppd\vendor\codeigniter4\framework\system\CodeIgniter.php(320): CodeIgniter\CodeIgniter->handleRequest(NULL, Object(Config\Cache), false)
#8 C:\xampp\htdocs\lppd\public\index.php(37): CodeIgniter\CodeIgniter->run()
#9 {main}
CRITICAL - 2022-02-15 20:53:35 --> Trying to access array offset on value of type null
#0 C:\xampp\htdocs\lppd\app\Views\syuser\read_sy_user.php(9): CodeIgniter\Debug\Exceptions->errorHandler(8, 'Trying to acces...', 'C:\\xampp\\htdocs...', 9, Array)
#1 C:\xampp\htdocs\lppd\vendor\codeigniter4\framework\system\View\View.php(210): include('C:\\xampp\\htdocs...')
#2 C:\xampp\htdocs\lppd\vendor\codeigniter4\framework\system\View\View.php(213): CodeIgniter\View\View->CodeIgniter\View\{closure}()
#3 C:\xampp\htdocs\lppd\vendor\codeigniter4\framework\system\Common.php(1089): CodeIgniter\View\View->render('syuser/read_sy_...', Array, true)
#4 C:\xampp\htdocs\lppd\app\Controllers\SyUser.php(53): view('syuser/read_sy_...', Array)
#5 C:\xampp\htdocs\lppd\vendor\codeigniter4\framework\system\CodeIgniter.php(825): App\Controllers\SyUser->read('assets', 'img', 'user-2.jpg')
#6 C:\xampp\htdocs\lppd\vendor\codeigniter4\framework\system\CodeIgniter.php(412): CodeIgniter\CodeIgniter->runController(Object(App\Controllers\SyUser))
#7 C:\xampp\htdocs\lppd\vendor\codeigniter4\framework\system\CodeIgniter.php(320): CodeIgniter\CodeIgniter->handleRequest(NULL, Object(Config\Cache), false)
#8 C:\xampp\htdocs\lppd\public\index.php(37): CodeIgniter\CodeIgniter->run()
#9 {main}
CRITICAL - 2022-02-15 20:53:35 --> Trying to access array offset on value of type null
#0 C:\xampp\htdocs\lppd\app\Views\syuser\read_sy_user.php(9): CodeIgniter\Debug\Exceptions->errorHandler(8, 'Trying to acces...', 'C:\\xampp\\htdocs...', 9, Array)
#1 C:\xampp\htdocs\lppd\vendor\codeigniter4\framework\system\View\View.php(210): include('C:\\xampp\\htdocs...')
#2 C:\xampp\htdocs\lppd\vendor\codeigniter4\framework\system\View\View.php(213): CodeIgniter\View\View->CodeIgniter\View\{closure}()
#3 C:\xampp\htdocs\lppd\vendor\codeigniter4\framework\system\Common.php(1089): CodeIgniter\View\View->render('syuser/read_sy_...', Array, true)
#4 C:\xampp\htdocs\lppd\app\Controllers\SyUser.php(53): view('syuser/read_sy_...', Array)
#5 C:\xampp\htdocs\lppd\vendor\codeigniter4\framework\system\CodeIgniter.php(825): App\Controllers\SyUser->read('assets', 'img', 'user-13.jpg')
#6 C:\xampp\htdocs\lppd\vendor\codeigniter4\framework\system\CodeIgniter.php(412): CodeIgniter\CodeIgniter->runController(Object(App\Controllers\SyUser))
#7 C:\xampp\htdocs\lppd\vendor\codeigniter4\framework\system\CodeIgniter.php(320): CodeIgniter\CodeIgniter->handleRequest(NULL, Object(Config\Cache), false)
#8 C:\xampp\htdocs\lppd\public\index.php(37): CodeIgniter\CodeIgniter->run()
#9 {main}
CRITICAL - 2022-02-15 20:53:38 --> Trying to access array offset on value of type null
#0 C:\xampp\htdocs\lppd\app\Views\syuser\read_sy_user.php(9): CodeIgniter\Debug\Exceptions->errorHandler(8, 'Trying to acces...', 'C:\\xampp\\htdocs...', 9, Array)
#1 C:\xampp\htdocs\lppd\vendor\codeigniter4\framework\system\View\View.php(210): include('C:\\xampp\\htdocs...')
#2 C:\xampp\htdocs\lppd\vendor\codeigniter4\framework\system\View\View.php(213): CodeIgniter\View\View->CodeIgniter\View\{closure}()
#3 C:\xampp\htdocs\lppd\vendor\codeigniter4\framework\system\Common.php(1089): CodeIgniter\View\View->render('syuser/read_sy_...', Array, true)
#4 C:\xampp\htdocs\lppd\app\Controllers\SyUser.php(53): view('syuser/read_sy_...', Array)
#5 C:\xampp\htdocs\lppd\vendor\codeigniter4\framework\system\CodeIgniter.php(825): App\Controllers\SyUser->read('assets', 'img', 'user-2.jpg')
#6 C:\xampp\htdocs\lppd\vendor\codeigniter4\framework\system\CodeIgniter.php(412): CodeIgniter\CodeIgniter->runController(Object(App\Controllers\SyUser))
#7 C:\xampp\htdocs\lppd\vendor\codeigniter4\framework\system\CodeIgniter.php(320): CodeIgniter\CodeIgniter->handleRequest(NULL, Object(Config\Cache), false)
#8 C:\xampp\htdocs\lppd\public\index.php(37): CodeIgniter\CodeIgniter->run()
#9 {main}
CRITICAL - 2022-02-15 20:54:41 --> Trying to access array offset on value of type null
#0 C:\xampp\htdocs\lppd\app\Views\syuser\read_sy_user.php(19): CodeIgniter\Debug\Exceptions->errorHandler(8, 'Trying to acces...', 'C:\\xampp\\htdocs...', 19, Array)
#1 C:\xampp\htdocs\lppd\vendor\codeigniter4\framework\system\View\View.php(210): include('C:\\xampp\\htdocs...')
#2 C:\xampp\htdocs\lppd\vendor\codeigniter4\framework\system\View\View.php(213): CodeIgniter\View\View->CodeIgniter\View\{closure}()
#3 C:\xampp\htdocs\lppd\vendor\codeigniter4\framework\system\Common.php(1089): CodeIgniter\View\View->render('syuser/read_sy_...', Array, true)
#4 C:\xampp\htdocs\lppd\app\Controllers\SyUser.php(53): view('syuser/read_sy_...', Array)
#5 C:\xampp\htdocs\lppd\vendor\codeigniter4\framework\system\CodeIgniter.php(825): App\Controllers\SyUser->read('assets', 'img', 'user-13.jpg')
#6 C:\xampp\htdocs\lppd\vendor\codeigniter4\framework\system\CodeIgniter.php(412): CodeIgniter\CodeIgniter->runController(Object(App\Controllers\SyUser))
#7 C:\xampp\htdocs\lppd\vendor\codeigniter4\framework\system\CodeIgniter.php(320): CodeIgniter\CodeIgniter->handleRequest(NULL, Object(Config\Cache), false)
#8 C:\xampp\htdocs\lppd\public\index.php(37): CodeIgniter\CodeIgniter->run()
#9 {main}
CRITICAL - 2022-02-15 20:54:41 --> Trying to access array offset on value of type null
#0 C:\xampp\htdocs\lppd\app\Views\syuser\read_sy_user.php(19): CodeIgniter\Debug\Exceptions->errorHandler(8, 'Trying to acces...', 'C:\\xampp\\htdocs...', 19, Array)
#1 C:\xampp\htdocs\lppd\vendor\codeigniter4\framework\system\View\View.php(210): include('C:\\xampp\\htdocs...')
#2 C:\xampp\htdocs\lppd\vendor\codeigniter4\framework\system\View\View.php(213): CodeIgniter\View\View->CodeIgniter\View\{closure}()
#3 C:\xampp\htdocs\lppd\vendor\codeigniter4\framework\system\Common.php(1089): CodeIgniter\View\View->render('syuser/read_sy_...', Array, true)
#4 C:\xampp\htdocs\lppd\app\Controllers\SyUser.php(53): view('syuser/read_sy_...', Array)
#5 C:\xampp\htdocs\lppd\vendor\codeigniter4\framework\system\CodeIgniter.php(825): App\Controllers\SyUser->read('assets', 'img', 'user-2.jpg')
#6 C:\xampp\htdocs\lppd\vendor\codeigniter4\framework\system\CodeIgniter.php(412): CodeIgniter\CodeIgniter->runController(Object(App\Controllers\SyUser))
#7 C:\xampp\htdocs\lppd\vendor\codeigniter4\framework\system\CodeIgniter.php(320): CodeIgniter\CodeIgniter->handleRequest(NULL, Object(Config\Cache), false)
#8 C:\xampp\htdocs\lppd\public\index.php(37): CodeIgniter\CodeIgniter->run()
#9 {main}
CRITICAL - 2022-02-15 20:54:41 --> Trying to access array offset on value of type null
#0 C:\xampp\htdocs\lppd\app\Views\syuser\read_sy_user.php(19): CodeIgniter\Debug\Exceptions->errorHandler(8, 'Trying to acces...', 'C:\\xampp\\htdocs...', 19, Array)
#1 C:\xampp\htdocs\lppd\vendor\codeigniter4\framework\system\View\View.php(210): include('C:\\xampp\\htdocs...')
#2 C:\xampp\htdocs\lppd\vendor\codeigniter4\framework\system\View\View.php(213): CodeIgniter\View\View->CodeIgniter\View\{closure}()
#3 C:\xampp\htdocs\lppd\vendor\codeigniter4\framework\system\Common.php(1089): CodeIgniter\View\View->render('syuser/read_sy_...', Array, true)
#4 C:\xampp\htdocs\lppd\app\Controllers\SyUser.php(53): view('syuser/read_sy_...', Array)
#5 C:\xampp\htdocs\lppd\vendor\codeigniter4\framework\system\CodeIgniter.php(825): App\Controllers\SyUser->read('assets', 'img', 'user-1.jpg')
#6 C:\xampp\htdocs\lppd\vendor\codeigniter4\framework\system\CodeIgniter.php(412): CodeIgniter\CodeIgniter->runController(Object(App\Controllers\SyUser))
#7 C:\xampp\htdocs\lppd\vendor\codeigniter4\framework\system\CodeIgniter.php(320): CodeIgniter\CodeIgniter->handleRequest(NULL, Object(Config\Cache), false)
#8 C:\xampp\htdocs\lppd\public\index.php(37): CodeIgniter\CodeIgniter->run()
#9 {main}
CRITICAL - 2022-02-15 20:54:43 --> Trying to access array offset on value of type null
#0 C:\xampp\htdocs\lppd\app\Views\syuser\read_sy_user.php(19): CodeIgniter\Debug\Exceptions->errorHandler(8, 'Trying to acces...', 'C:\\xampp\\htdocs...', 19, Array)
#1 C:\xampp\htdocs\lppd\vendor\codeigniter4\framework\system\View\View.php(210): include('C:\\xampp\\htdocs...')
#2 C:\xampp\htdocs\lppd\vendor\codeigniter4\framework\system\View\View.php(213): CodeIgniter\View\View->CodeIgniter\View\{closure}()
#3 C:\xampp\htdocs\lppd\vendor\codeigniter4\framework\system\Common.php(1089): CodeIgniter\View\View->render('syuser/read_sy_...', Array, true)
#4 C:\xampp\htdocs\lppd\app\Controllers\SyUser.php(53): view('syuser/read_sy_...', Array)
#5 C:\xampp\htdocs\lppd\vendor\codeigniter4\framework\system\CodeIgniter.php(825): App\Controllers\SyUser->read('assets', 'img', 'user-2.jpg')
#6 C:\xampp\htdocs\lppd\vendor\codeigniter4\framework\system\CodeIgniter.php(412): CodeIgniter\CodeIgniter->runController(Object(App\Controllers\SyUser))
#7 C:\xampp\htdocs\lppd\vendor\codeigniter4\framework\system\CodeIgniter.php(320): CodeIgniter\CodeIgniter->handleRequest(NULL, Object(Config\Cache), false)
#8 C:\xampp\htdocs\lppd\public\index.php(37): CodeIgniter\CodeIgniter->run()
#9 {main}
CRITICAL - 2022-02-15 20:55:01 --> Trying to access array offset on value of type null
#0 C:\xampp\htdocs\lppd\app\Views\syuser\read_sy_user.php(18): CodeIgniter\Debug\Exceptions->errorHandler(8, 'Trying to acces...', 'C:\\xampp\\htdocs...', 18, Array)
#1 C:\xampp\htdocs\lppd\vendor\codeigniter4\framework\system\View\View.php(210): include('C:\\xampp\\htdocs...')
#2 C:\xampp\htdocs\lppd\vendor\codeigniter4\framework\system\View\View.php(213): CodeIgniter\View\View->CodeIgniter\View\{closure}()
#3 C:\xampp\htdocs\lppd\vendor\codeigniter4\framework\system\Common.php(1089): CodeIgniter\View\View->render('syuser/read_sy_...', Array, true)
#4 C:\xampp\htdocs\lppd\app\Controllers\SyUser.php(53): view('syuser/read_sy_...', Array)
#5 C:\xampp\htdocs\lppd\vendor\codeigniter4\framework\system\CodeIgniter.php(825): App\Controllers\SyUser->read('assets', 'img', 'user-13.jpg')
#6 C:\xampp\htdocs\lppd\vendor\codeigniter4\framework\system\CodeIgniter.php(412): CodeIgniter\CodeIgniter->runController(Object(App\Controllers\SyUser))
#7 C:\xampp\htdocs\lppd\vendor\codeigniter4\framework\system\CodeIgniter.php(320): CodeIgniter\CodeIgniter->handleRequest(NULL, Object(Config\Cache), false)
#8 C:\xampp\htdocs\lppd\public\index.php(37): CodeIgniter\CodeIgniter->run()
#9 {main}
CRITICAL - 2022-02-15 20:55:01 --> Trying to access array offset on value of type null
#0 C:\xampp\htdocs\lppd\app\Views\syuser\read_sy_user.php(18): CodeIgniter\Debug\Exceptions->errorHandler(8, 'Trying to acces...', 'C:\\xampp\\htdocs...', 18, Array)
#1 C:\xampp\htdocs\lppd\vendor\codeigniter4\framework\system\View\View.php(210): include('C:\\xampp\\htdocs...')
#2 C:\xampp\htdocs\lppd\vendor\codeigniter4\framework\system\View\View.php(213): CodeIgniter\View\View->CodeIgniter\View\{closure}()
#3 C:\xampp\htdocs\lppd\vendor\codeigniter4\framework\system\Common.php(1089): CodeIgniter\View\View->render('syuser/read_sy_...', Array, true)
#4 C:\xampp\htdocs\lppd\app\Controllers\SyUser.php(53): view('syuser/read_sy_...', Array)
#5 C:\xampp\htdocs\lppd\vendor\codeigniter4\framework\system\CodeIgniter.php(825): App\Controllers\SyUser->read('assets', 'img', 'user-2.jpg')
#6 C:\xampp\htdocs\lppd\vendor\codeigniter4\framework\system\CodeIgniter.php(412): CodeIgniter\CodeIgniter->runController(Object(App\Controllers\SyUser))
#7 C:\xampp\htdocs\lppd\vendor\codeigniter4\framework\system\CodeIgniter.php(320): CodeIgniter\CodeIgniter->handleRequest(NULL, Object(Config\Cache), false)
#8 C:\xampp\htdocs\lppd\public\index.php(37): CodeIgniter\CodeIgniter->run()
#9 {main}
CRITICAL - 2022-02-15 20:55:01 --> Trying to access array offset on value of type null
#0 C:\xampp\htdocs\lppd\app\Views\syuser\read_sy_user.php(18): CodeIgniter\Debug\Exceptions->errorHandler(8, 'Trying to acces...', 'C:\\xampp\\htdocs...', 18, Array)
#1 C:\xampp\htdocs\lppd\vendor\codeigniter4\framework\system\View\View.php(210): include('C:\\xampp\\htdocs...')
#2 C:\xampp\htdocs\lppd\vendor\codeigniter4\framework\system\View\View.php(213): CodeIgniter\View\View->CodeIgniter\View\{closure}()
#3 C:\xampp\htdocs\lppd\vendor\codeigniter4\framework\system\Common.php(1089): CodeIgniter\View\View->render('syuser/read_sy_...', Array, true)
#4 C:\xampp\htdocs\lppd\app\Controllers\SyUser.php(53): view('syuser/read_sy_...', Array)
#5 C:\xampp\htdocs\lppd\vendor\codeigniter4\framework\system\CodeIgniter.php(825): App\Controllers\SyUser->read('assets', 'img', 'user-1.jpg')
#6 C:\xampp\htdocs\lppd\vendor\codeigniter4\framework\system\CodeIgniter.php(412): CodeIgniter\CodeIgniter->runController(Object(App\Controllers\SyUser))
#7 C:\xampp\htdocs\lppd\vendor\codeigniter4\framework\system\CodeIgniter.php(320): CodeIgniter\CodeIgniter->handleRequest(NULL, Object(Config\Cache), false)
#8 C:\xampp\htdocs\lppd\public\index.php(37): CodeIgniter\CodeIgniter->run()
#9 {main}
CRITICAL - 2022-02-15 20:55:03 --> Trying to access array offset on value of type null
#0 C:\xampp\htdocs\lppd\app\Views\syuser\read_sy_user.php(18): CodeIgniter\Debug\Exceptions->errorHandler(8, 'Trying to acces...', 'C:\\xampp\\htdocs...', 18, Array)
#1 C:\xampp\htdocs\lppd\vendor\codeigniter4\framework\system\View\View.php(210): include('C:\\xampp\\htdocs...')
#2 C:\xampp\htdocs\lppd\vendor\codeigniter4\framework\system\View\View.php(213): CodeIgniter\View\View->CodeIgniter\View\{closure}()
#3 C:\xampp\htdocs\lppd\vendor\codeigniter4\framework\system\Common.php(1089): CodeIgniter\View\View->render('syuser/read_sy_...', Array, true)
#4 C:\xampp\htdocs\lppd\app\Controllers\SyUser.php(53): view('syuser/read_sy_...', Array)
#5 C:\xampp\htdocs\lppd\vendor\codeigniter4\framework\system\CodeIgniter.php(825): App\Controllers\SyUser->read('assets', 'img', 'user-2.jpg')
#6 C:\xampp\htdocs\lppd\vendor\codeigniter4\framework\system\CodeIgniter.php(412): CodeIgniter\CodeIgniter->runController(Object(App\Controllers\SyUser))
#7 C:\xampp\htdocs\lppd\vendor\codeigniter4\framework\system\CodeIgniter.php(320): CodeIgniter\CodeIgniter->handleRequest(NULL, Object(Config\Cache), false)
#8 C:\xampp\htdocs\lppd\public\index.php(37): CodeIgniter\CodeIgniter->run()
#9 {main}
CRITICAL - 2022-02-15 20:55:25 --> Trying to access array offset on value of type null
#0 C:\xampp\htdocs\lppd\app\Views\syuser\read_sy_user.php(18): CodeIgniter\Debug\Exceptions->errorHandler(8, 'Trying to acces...', 'C:\\xampp\\htdocs...', 18, Array)
#1 C:\xampp\htdocs\lppd\vendor\codeigniter4\framework\system\View\View.php(210): include('C:\\xampp\\htdocs...')
#2 C:\xampp\htdocs\lppd\vendor\codeigniter4\framework\system\View\View.php(213): CodeIgniter\View\View->CodeIgniter\View\{closure}()
#3 C:\xampp\htdocs\lppd\vendor\codeigniter4\framework\system\Common.php(1089): CodeIgniter\View\View->render('syuser/read_sy_...', Array, true)
#4 C:\xampp\htdocs\lppd\app\Controllers\SyUser.php(53): view('syuser/read_sy_...', Array)
#5 C:\xampp\htdocs\lppd\vendor\codeigniter4\framework\system\CodeIgniter.php(825): App\Controllers\SyUser->read('assets', 'img', 'user-13.jpg')
#6 C:\xampp\htdocs\lppd\vendor\codeigniter4\framework\system\CodeIgniter.php(412): CodeIgniter\CodeIgniter->runController(Object(App\Controllers\SyUser))
#7 C:\xampp\htdocs\lppd\vendor\codeigniter4\framework\system\CodeIgniter.php(320): CodeIgniter\CodeIgniter->handleRequest(NULL, Object(Config\Cache), false)
#8 C:\xampp\htdocs\lppd\public\index.php(37): CodeIgniter\CodeIgniter->run()
#9 {main}
CRITICAL - 2022-02-15 20:55:25 --> Trying to access array offset on value of type null
#0 C:\xampp\htdocs\lppd\app\Views\syuser\read_sy_user.php(18): CodeIgniter\Debug\Exceptions->errorHandler(8, 'Trying to acces...', 'C:\\xampp\\htdocs...', 18, Array)
#1 C:\xampp\htdocs\lppd\vendor\codeigniter4\framework\system\View\View.php(210): include('C:\\xampp\\htdocs...')
#2 C:\xampp\htdocs\lppd\vendor\codeigniter4\framework\system\View\View.php(213): CodeIgniter\View\View->CodeIgniter\View\{closure}()
#3 C:\xampp\htdocs\lppd\vendor\codeigniter4\framework\system\Common.php(1089): CodeIgniter\View\View->render('syuser/read_sy_...', Array, true)
#4 C:\xampp\htdocs\lppd\app\Controllers\SyUser.php(53): view('syuser/read_sy_...', Array)
#5 C:\xampp\htdocs\lppd\vendor\codeigniter4\framework\system\CodeIgniter.php(825): App\Controllers\SyUser->read('assets', 'img', 'user-2.jpg')
#6 C:\xampp\htdocs\lppd\vendor\codeigniter4\framework\system\CodeIgniter.php(412): CodeIgniter\CodeIgniter->runController(Object(App\Controllers\SyUser))
#7 C:\xampp\htdocs\lppd\vendor\codeigniter4\framework\system\CodeIgniter.php(320): CodeIgniter\CodeIgniter->handleRequest(NULL, Object(Config\Cache), false)
#8 C:\xampp\htdocs\lppd\public\index.php(37): CodeIgniter\CodeIgniter->run()
#9 {main}
CRITICAL - 2022-02-15 20:55:25 --> Trying to access array offset on value of type null
#0 C:\xampp\htdocs\lppd\app\Views\syuser\read_sy_user.php(18): CodeIgniter\Debug\Exceptions->errorHandler(8, 'Trying to acces...', 'C:\\xampp\\htdocs...', 18, Array)
#1 C:\xampp\htdocs\lppd\vendor\codeigniter4\framework\system\View\View.php(210): include('C:\\xampp\\htdocs...')
#2 C:\xampp\htdocs\lppd\vendor\codeigniter4\framework\system\View\View.php(213): CodeIgniter\View\View->CodeIgniter\View\{closure}()
#3 C:\xampp\htdocs\lppd\vendor\codeigniter4\framework\system\Common.php(1089): CodeIgniter\View\View->render('syuser/read_sy_...', Array, true)
#4 C:\xampp\htdocs\lppd\app\Controllers\SyUser.php(53): view('syuser/read_sy_...', Array)
#5 C:\xampp\htdocs\lppd\vendor\codeigniter4\framework\system\CodeIgniter.php(825): App\Controllers\SyUser->read('assets', 'img', 'user-1.jpg')
#6 C:\xampp\htdocs\lppd\vendor\codeigniter4\framework\system\CodeIgniter.php(412): CodeIgniter\CodeIgniter->runController(Object(App\Controllers\SyUser))
#7 C:\xampp\htdocs\lppd\vendor\codeigniter4\framework\system\CodeIgniter.php(320): CodeIgniter\CodeIgniter->handleRequest(NULL, Object(Config\Cache), false)
#8 C:\xampp\htdocs\lppd\public\index.php(37): CodeIgniter\CodeIgniter->run()
#9 {main}
CRITICAL - 2022-02-15 21:02:34 --> Trying to access array offset on value of type null
#0 C:\xampp\htdocs\lppd\app\Views\syconfig\read_sy_config.php(11): CodeIgniter\Debug\Exceptions->errorHandler(8, 'Trying to acces...', 'C:\\xampp\\htdocs...', 11, Array)
#1 C:\xampp\htdocs\lppd\vendor\codeigniter4\framework\system\View\View.php(210): include('C:\\xampp\\htdocs...')
#2 C:\xampp\htdocs\lppd\vendor\codeigniter4\framework\system\View\View.php(213): CodeIgniter\View\View->CodeIgniter\View\{closure}()
#3 C:\xampp\htdocs\lppd\vendor\codeigniter4\framework\system\Common.php(1089): CodeIgniter\View\View->render('syconfig/read_s...', Array, true)
#4 C:\xampp\htdocs\lppd\app\Controllers\SyConfig.php(57): view('syconfig/read_s...', Array)
#5 C:\xampp\htdocs\lppd\vendor\codeigniter4\framework\system\CodeIgniter.php(825): App\Controllers\SyConfig->read('assets', 'img', 'user-2.jpg')
#6 C:\xampp\htdocs\lppd\vendor\codeigniter4\framework\system\CodeIgniter.php(412): CodeIgniter\CodeIgniter->runController(Object(App\Controllers\SyConfig))
#7 C:\xampp\htdocs\lppd\vendor\codeigniter4\framework\system\CodeIgniter.php(320): CodeIgniter\CodeIgniter->handleRequest(NULL, Object(Config\Cache), false)
#8 C:\xampp\htdocs\lppd\public\index.php(37): CodeIgniter\CodeIgniter->run()
#9 {main}
CRITICAL - 2022-02-15 21:04:09 --> syntax error, unexpected '=>' (T_DOUBLE_ARROW)
#0 C:\xampp\htdocs\lppd\vendor\codeigniter4\framework\system\View\View.php(213): CodeIgniter\View\View->CodeIgniter\View\{closure}()
#1 C:\xampp\htdocs\lppd\vendor\codeigniter4\framework\system\Common.php(1089): CodeIgniter\View\View->render('syuser/index_sy...', Array, true)
#2 C:\xampp\htdocs\lppd\app\Controllers\SyUser.php(42): view('syuser/index_sy...', Array)
#3 C:\xampp\htdocs\lppd\vendor\codeigniter4\framework\system\CodeIgniter.php(825): App\Controllers\SyUser->index()
#4 C:\xampp\htdocs\lppd\vendor\codeigniter4\framework\system\CodeIgniter.php(412): CodeIgniter\CodeIgniter->runController(Object(App\Controllers\SyUser))
#5 C:\xampp\htdocs\lppd\vendor\codeigniter4\framework\system\CodeIgniter.php(320): CodeIgniter\CodeIgniter->handleRequest(NULL, Object(Config\Cache), false)
#6 C:\xampp\htdocs\lppd\public\index.php(37): CodeIgniter\CodeIgniter->run()
#7 {main}
CRITICAL - 2022-02-15 21:10:04 --> Undefined property: App\Controllers\SyUser::$pageData
#0 C:\xampp\htdocs\lppd\app\Controllers\SyUser.php(42): CodeIgniter\Debug\Exceptions->errorHandler(8, 'Undefined prope...', 'C:\\xampp\\htdocs...', 42, Array)
#1 C:\xampp\htdocs\lppd\vendor\codeigniter4\framework\system\CodeIgniter.php(825): App\Controllers\SyUser->index()
#2 C:\xampp\htdocs\lppd\vendor\codeigniter4\framework\system\CodeIgniter.php(412): CodeIgniter\CodeIgniter->runController(Object(App\Controllers\SyUser))
#3 C:\xampp\htdocs\lppd\vendor\codeigniter4\framework\system\CodeIgniter.php(320): CodeIgniter\CodeIgniter->handleRequest(NULL, Object(Config\Cache), false)
#4 C:\xampp\htdocs\lppd\public\index.php(37): CodeIgniter\CodeIgniter->run()
#5 {main}
CRITICAL - 2022-02-15 21:12:24 --> Call to undefined function App\Controllers\wfApp()
#0 C:\xampp\htdocs\lppd\app\Controllers\SyUser.php(24): App\Controllers\SyUser->attributePage()
#1 C:\xampp\htdocs\lppd\vendor\codeigniter4\framework\system\CodeIgniter.php(802): App\Controllers\SyUser->__construct()
#2 C:\xampp\htdocs\lppd\vendor\codeigniter4\framework\system\CodeIgniter.php(403): CodeIgniter\CodeIgniter->createController()
#3 C:\xampp\htdocs\lppd\vendor\codeigniter4\framework\system\CodeIgniter.php(320): CodeIgniter\CodeIgniter->handleRequest(NULL, Object(Config\Cache), false)
#4 C:\xampp\htdocs\lppd\public\index.php(37): CodeIgniter\CodeIgniter->run()
#5 {main}
CRITICAL - 2022-02-15 21:21:57 --> Call to undefined function App\Controllers\wfApp()
#0 C:\xampp\htdocs\lppd\app\Controllers\SyUser.php(24): App\Controllers\SyUser->attributePage()
#1 C:\xampp\htdocs\lppd\vendor\codeigniter4\framework\system\CodeIgniter.php(802): App\Controllers\SyUser->__construct()
#2 C:\xampp\htdocs\lppd\vendor\codeigniter4\framework\system\CodeIgniter.php(403): CodeIgniter\CodeIgniter->createController()
#3 C:\xampp\htdocs\lppd\vendor\codeigniter4\framework\system\CodeIgniter.php(320): CodeIgniter\CodeIgniter->handleRequest(NULL, Object(Config\Cache), false)
#4 C:\xampp\htdocs\lppd\public\index.php(37): CodeIgniter\CodeIgniter->run()
#5 {main}
CRITICAL - 2022-02-15 21:25:42 --> Call to undefined function App\Controllers\wfApp()
#0 C:\xampp\htdocs\lppd\app\Controllers\SyUser.php(24): App\Controllers\SyUser->attributePage()
#1 C:\xampp\htdocs\lppd\vendor\codeigniter4\framework\system\CodeIgniter.php(802): App\Controllers\SyUser->__construct()
#2 C:\xampp\htdocs\lppd\vendor\codeigniter4\framework\system\CodeIgniter.php(403): CodeIgniter\CodeIgniter->createController()
#3 C:\xampp\htdocs\lppd\vendor\codeigniter4\framework\system\CodeIgniter.php(320): CodeIgniter\CodeIgniter->handleRequest(NULL, Object(Config\Cache), false)
#4 C:\xampp\htdocs\lppd\public\index.php(37): CodeIgniter\CodeIgniter->run()
#5 {main}
CRITICAL - 2022-02-15 21:26:05 --> Call to undefined function App\Controllers\wfApp()
#0 C:\xampp\htdocs\lppd\app\Controllers\SyUser.php(24): App\Controllers\SyUser->attributePage()
#1 C:\xampp\htdocs\lppd\vendor\codeigniter4\framework\system\CodeIgniter.php(802): App\Controllers\SyUser->__construct()
#2 C:\xampp\htdocs\lppd\vendor\codeigniter4\framework\system\CodeIgniter.php(403): CodeIgniter\CodeIgniter->createController()
#3 C:\xampp\htdocs\lppd\vendor\codeigniter4\framework\system\CodeIgniter.php(320): CodeIgniter\CodeIgniter->handleRequest(NULL, Object(Config\Cache), false)
#4 C:\xampp\htdocs\lppd\public\index.php(37): CodeIgniter\CodeIgniter->run()
#5 {main}
CRITICAL - 2022-02-15 22:05:00 --> Undefined variable: nomor
#0 C:\xampp\htdocs\lppd\app\Views\syuser\index_sy_user.php(48): CodeIgniter\Debug\Exceptions->errorHandler(8, 'Undefined varia...', 'C:\\xampp\\htdocs...', 48, Array)
#1 C:\xampp\htdocs\lppd\vendor\codeigniter4\framework\system\View\View.php(210): include('C:\\xampp\\htdocs...')
#2 C:\xampp\htdocs\lppd\vendor\codeigniter4\framework\system\View\View.php(213): CodeIgniter\View\View->CodeIgniter\View\{closure}()
#3 C:\xampp\htdocs\lppd\vendor\codeigniter4\framework\system\Common.php(1089): CodeIgniter\View\View->render('syuser/index_sy...', Array, true)
#4 C:\xampp\htdocs\lppd\app\Controllers\SyUser.php(47): view('syuser/index_sy...', Array)
#5 C:\xampp\htdocs\lppd\vendor\codeigniter4\framework\system\CodeIgniter.php(825): App\Controllers\SyUser->index()
#6 C:\xampp\htdocs\lppd\vendor\codeigniter4\framework\system\CodeIgniter.php(412): CodeIgniter\CodeIgniter->runController(Object(App\Controllers\SyUser))
#7 C:\xampp\htdocs\lppd\vendor\codeigniter4\framework\system\CodeIgniter.php(320): CodeIgniter\CodeIgniter->handleRequest(NULL, Object(Config\Cache), false)
#8 C:\xampp\htdocs\lppd\public\index.php(37): CodeIgniter\CodeIgniter->run()
#9 {main}
CRITICAL - 2022-02-15 22:05:15 --> syntax error, unexpected '=', expecting ']'
#0 C:\xampp\htdocs\lppd\vendor\codeigniter4\framework\system\Router\Router.php(175): CodeIgniter\Router\Router->autoRoute('syuser')
#1 C:\xampp\htdocs\lppd\vendor\codeigniter4\framework\system\CodeIgniter.php(719): CodeIgniter\Router\Router->handle('syuser')
#2 C:\xampp\htdocs\lppd\vendor\codeigniter4\framework\system\CodeIgniter.php(361): CodeIgniter\CodeIgniter->tryToRouteIt(Object(CodeIgniter\Router\RouteCollection))
#3 C:\xampp\htdocs\lppd\vendor\codeigniter4\framework\system\CodeIgniter.php(320): CodeIgniter\CodeIgniter->handleRequest(NULL, Object(Config\Cache), false)
#4 C:\xampp\htdocs\lppd\public\index.php(37): CodeIgniter\CodeIgniter->run()
#5 {main}
CRITICAL - 2022-02-15 22:15:18 --> Trying to get property 'conf_name' of non-object
#0 C:\xampp\htdocs\lppd\app\Views\syconfig\index_sy_config.php(42): CodeIgniter\Debug\Exceptions->errorHandler(8, 'Trying to get p...', 'C:\\xampp\\htdocs...', 42, Array)
#1 C:\xampp\htdocs\lppd\vendor\codeigniter4\framework\system\View\View.php(210): include('C:\\xampp\\htdocs...')
#2 C:\xampp\htdocs\lppd\vendor\codeigniter4\framework\system\View\View.php(213): CodeIgniter\View\View->CodeIgniter\View\{closure}()
#3 C:\xampp\htdocs\lppd\vendor\codeigniter4\framework\system\Common.php(1089): CodeIgniter\View\View->render('syconfig/index_...', Array, true)
#4 C:\xampp\htdocs\lppd\app\Controllers\SyConfig.php(47): view('syconfig/index_...', Array)
#5 C:\xampp\htdocs\lppd\vendor\codeigniter4\framework\system\CodeIgniter.php(825): App\Controllers\SyConfig->index()
#6 C:\xampp\htdocs\lppd\vendor\codeigniter4\framework\system\CodeIgniter.php(412): CodeIgniter\CodeIgniter->runController(Object(App\Controllers\SyConfig))
#7 C:\xampp\htdocs\lppd\vendor\codeigniter4\framework\system\CodeIgniter.php(320): CodeIgniter\CodeIgniter->handleRequest(NULL, Object(Config\Cache), false)
#8 C:\xampp\htdocs\lppd\public\index.php(37): CodeIgniter\CodeIgniter->run()
#9 {main}
CRITICAL - 2022-02-15 22:22:27 --> Call to undefined function App\Controllers\nomor()
#0 C:\xampp\htdocs\lppd\vendor\codeigniter4\framework\system\CodeIgniter.php(825): App\Controllers\SyConfig->index()
#1 C:\xampp\htdocs\lppd\vendor\codeigniter4\framework\system\CodeIgniter.php(412): CodeIgniter\CodeIgniter->runController(Object(App\Controllers\SyConfig))
#2 C:\xampp\htdocs\lppd\vendor\codeigniter4\framework\system\CodeIgniter.php(320): CodeIgniter\CodeIgniter->handleRequest(NULL, Object(Config\Cache), false)
#3 C:\xampp\htdocs\lppd\public\index.php(37): CodeIgniter\CodeIgniter->run()
#4 {main}
ERROR - 2022-02-15 22:22:50 --> Unknown column 'name' in 'where clause'
CRITICAL - 2022-02-15 22:22:50 --> Unknown column 'name' in 'where clause'
#0 C:\xampp\htdocs\lppd\vendor\codeigniter4\framework\system\Database\MySQLi\Connection.php(292): mysqli->query('SELECT COUNT(*)...', 0)
#1 C:\xampp\htdocs\lppd\vendor\codeigniter4\framework\system\Database\BaseConnection.php(670): CodeIgniter\Database\MySQLi\Connection->execute('SELECT COUNT(*)...')
#2 C:\xampp\htdocs\lppd\vendor\codeigniter4\framework\system\Database\BaseConnection.php(598): CodeIgniter\Database\BaseConnection->simpleQuery('SELECT COUNT(*)...')
#3 C:\xampp\htdocs\lppd\vendor\codeigniter4\framework\system\Database\BaseBuilder.php(1539): CodeIgniter\Database\BaseConnection->query('SELECT COUNT(*)...', Array, false)
#4 C:\xampp\htdocs\lppd\vendor\codeigniter4\framework\system\Model.php(509): CodeIgniter\Database\BaseBuilder->countAllResults(false)
#5 C:\xampp\htdocs\lppd\vendor\codeigniter4\framework\system\BaseModel.php(1084): CodeIgniter\Model->countAllResults(false)
#6 C:\xampp\htdocs\lppd\app\Controllers\SyUser.php(55): CodeIgniter\BaseModel->paginate(5, 'paging')
#7 C:\xampp\htdocs\lppd\vendor\codeigniter4\framework\system\CodeIgniter.php(825): App\Controllers\SyUser->index()
#8 C:\xampp\htdocs\lppd\vendor\codeigniter4\framework\system\CodeIgniter.php(412): CodeIgniter\CodeIgniter->runController(Object(App\Controllers\SyUser))
#9 C:\xampp\htdocs\lppd\vendor\codeigniter4\framework\system\CodeIgniter.php(320): CodeIgniter\CodeIgniter->handleRequest(NULL, Object(Config\Cache), false)
#10 C:\xampp\htdocs\lppd\public\index.php(37): CodeIgniter\CodeIgniter->run()
#11 {main}
CRITICAL - 2022-02-15 22:23:23 --> Undefined variable: search
#0 C:\xampp\htdocs\lppd\app\Views\syuser\index_sy_user.php(23): CodeIgniter\Debug\Exceptions->errorHandler(8, 'Undefined varia...', 'C:\\xampp\\htdocs...', 23, Array)
#1 C:\xampp\htdocs\lppd\vendor\codeigniter4\framework\system\View\View.php(210): include('C:\\xampp\\htdocs...')
#2 C:\xampp\htdocs\lppd\vendor\codeigniter4\framework\system\View\View.php(213): CodeIgniter\View\View->CodeIgniter\View\{closure}()
#3 C:\xampp\htdocs\lppd\vendor\codeigniter4\framework\system\Common.php(1089): CodeIgniter\View\View->render('syuser/index_sy...', Array, true)
#4 C:\xampp\htdocs\lppd\app\Controllers\SyUser.php(60): view('syuser/index_sy...', Array)
#5 C:\xampp\htdocs\lppd\vendor\codeigniter4\framework\system\CodeIgniter.php(825): App\Controllers\SyUser->index()
#6 C:\xampp\htdocs\lppd\vendor\codeigniter4\framework\system\CodeIgniter.php(412): CodeIgniter\CodeIgniter->runController(Object(App\Controllers\SyUser))
#7 C:\xampp\htdocs\lppd\vendor\codeigniter4\framework\system\CodeIgniter.php(320): CodeIgniter\CodeIgniter->handleRequest(NULL, Object(Config\Cache), false)
#8 C:\xampp\htdocs\lppd\public\index.php(37): CodeIgniter\CodeIgniter->run()
#9 {main}
CRITICAL - 2022-02-15 22:43:07 --> Undefined variable: search
#0 C:\xampp\htdocs\lppd\app\Views\syuser\index_sy_user.php(25): CodeIgniter\Debug\Exceptions->errorHandler(8, 'Undefined varia...', 'C:\\xampp\\htdocs...', 25, Array)
#1 C:\xampp\htdocs\lppd\vendor\codeigniter4\framework\system\View\View.php(210): include('C:\\xampp\\htdocs...')
#2 C:\xampp\htdocs\lppd\vendor\codeigniter4\framework\system\View\View.php(213): CodeIgniter\View\View->CodeIgniter\View\{closure}()
#3 C:\xampp\htdocs\lppd\vendor\codeigniter4\framework\system\Common.php(1089): CodeIgniter\View\View->render('syuser/index_sy...', Array, true)
#4 C:\xampp\htdocs\lppd\app\Controllers\SyUser.php(47): view('syuser/index_sy...', Array)
#5 C:\xampp\htdocs\lppd\vendor\codeigniter4\framework\system\CodeIgniter.php(825): App\Controllers\SyUser->index()
#6 C:\xampp\htdocs\lppd\vendor\codeigniter4\framework\system\CodeIgniter.php(412): CodeIgniter\CodeIgniter->runController(Object(App\Controllers\SyUser))
#7 C:\xampp\htdocs\lppd\vendor\codeigniter4\framework\system\CodeIgniter.php(320): CodeIgniter\CodeIgniter->handleRequest(NULL, Object(Config\Cache), false)
#8 C:\xampp\htdocs\lppd\public\index.php(37): CodeIgniter\CodeIgniter->run()
#9 {main}
CRITICAL - 2022-02-15 22:46:33 --> Undefined variable: search
#0 C:\xampp\htdocs\lppd\app\Views\syuser\index_sy_user.php(25): CodeIgniter\Debug\Exceptions->errorHandler(8, 'Undefined varia...', 'C:\\xampp\\htdocs...', 25, Array)
#1 C:\xampp\htdocs\lppd\vendor\codeigniter4\framework\system\View\View.php(210): include('C:\\xampp\\htdocs...')
#2 C:\xampp\htdocs\lppd\vendor\codeigniter4\framework\system\View\View.php(213): CodeIgniter\View\View->CodeIgniter\View\{closure}()
#3 C:\xampp\htdocs\lppd\vendor\codeigniter4\framework\system\Common.php(1089): CodeIgniter\View\View->render('syuser/index_sy...', Array, true)
#4 C:\xampp\htdocs\lppd\app\Controllers\SyUser.php(63): view('syuser/index_sy...', Array)
#5 C:\xampp\htdocs\lppd\vendor\codeigniter4\framework\system\CodeIgniter.php(825): App\Controllers\SyUser->index()
#6 C:\xampp\htdocs\lppd\vendor\codeigniter4\framework\system\CodeIgniter.php(412): CodeIgniter\CodeIgniter->runController(Object(App\Controllers\SyUser))
#7 C:\xampp\htdocs\lppd\vendor\codeigniter4\framework\system\CodeIgniter.php(320): CodeIgniter\CodeIgniter->handleRequest(NULL, Object(Config\Cache), false)
#8 C:\xampp\htdocs\lppd\public\index.php(37): CodeIgniter\CodeIgniter->run()
#9 {main}
CRITICAL - 2022-02-15 22:47:08 --> Undefined variable: number
#0 C:\xampp\htdocs\lppd\app\Views\syuser\index_sy_user.php(45): CodeIgniter\Debug\Exceptions->errorHandler(8, 'Undefined varia...', 'C:\\xampp\\htdocs...', 45, Array)
#1 C:\xampp\htdocs\lppd\vendor\codeigniter4\framework\system\View\View.php(210): include('C:\\xampp\\htdocs...')
#2 C:\xampp\htdocs\lppd\vendor\codeigniter4\framework\system\View\View.php(213): CodeIgniter\View\View->CodeIgniter\View\{closure}()
#3 C:\xampp\htdocs\lppd\vendor\codeigniter4\framework\system\Common.php(1089): CodeIgniter\View\View->render('syuser/index_sy...', Array, true)
#4 C:\xampp\htdocs\lppd\app\Controllers\SyUser.php(64): view('syuser/index_sy...', Array)
#5 C:\xampp\htdocs\lppd\vendor\codeigniter4\framework\system\CodeIgniter.php(825): App\Controllers\SyUser->index()
#6 C:\xampp\htdocs\lppd\vendor\codeigniter4\framework\system\CodeIgniter.php(412): CodeIgniter\CodeIgniter->runController(Object(App\Controllers\SyUser))
#7 C:\xampp\htdocs\lppd\vendor\codeigniter4\framework\system\CodeIgniter.php(320): CodeIgniter\CodeIgniter->handleRequest(NULL, Object(Config\Cache), false)
#8 C:\xampp\htdocs\lppd\public\index.php(37): CodeIgniter\CodeIgniter->run()
#9 {main}
CRITICAL - 2022-02-15 22:47:41 --> Undefined variable: number
#0 C:\xampp\htdocs\lppd\app\Views\syuser\index_sy_user.php(45): CodeIgniter\Debug\Exceptions->errorHandler(8, 'Undefined varia...', 'C:\\xampp\\htdocs...', 45, Array)
#1 C:\xampp\htdocs\lppd\vendor\codeigniter4\framework\system\View\View.php(210): include('C:\\xampp\\htdocs...')
#2 C:\xampp\htdocs\lppd\vendor\codeigniter4\framework\system\View\View.php(213): CodeIgniter\View\View->CodeIgniter\View\{closure}()
#3 C:\xampp\htdocs\lppd\vendor\codeigniter4\framework\system\Common.php(1089): CodeIgniter\View\View->render('syuser/index_sy...', Array, true)
#4 C:\xampp\htdocs\lppd\app\Controllers\SyUser.php(64): view('syuser/index_sy...', Array)
#5 C:\xampp\htdocs\lppd\vendor\codeigniter4\framework\system\CodeIgniter.php(825): App\Controllers\SyUser->index()
#6 C:\xampp\htdocs\lppd\vendor\codeigniter4\framework\system\CodeIgniter.php(412): CodeIgniter\CodeIgniter->runController(Object(App\Controllers\SyUser))
#7 C:\xampp\htdocs\lppd\vendor\codeigniter4\framework\system\CodeIgniter.php(320): CodeIgniter\CodeIgniter->handleRequest(NULL, Object(Config\Cache), false)
#8 C:\xampp\htdocs\lppd\public\index.php(37): CodeIgniter\CodeIgniter->run()
#9 {main}
CRITICAL - 2022-02-15 22:49:29 --> Undefined variable: pager
#0 C:\xampp\htdocs\lppd\app\Views\syuser\index_sy_user.php(60): CodeIgniter\Debug\Exceptions->errorHandler(8, 'Undefined varia...', 'C:\\xampp\\htdocs...', 60, Array)
#1 C:\xampp\htdocs\lppd\vendor\codeigniter4\framework\system\View\View.php(210): include('C:\\xampp\\htdocs...')
#2 C:\xampp\htdocs\lppd\vendor\codeigniter4\framework\system\View\View.php(213): CodeIgniter\View\View->CodeIgniter\View\{closure}()
#3 C:\xampp\htdocs\lppd\vendor\codeigniter4\framework\system\Common.php(1089): CodeIgniter\View\View->render('syuser/index_sy...', Array, true)
#4 C:\xampp\htdocs\lppd\app\Controllers\SyUser.php(59): view('syuser/index_sy...', Array)
#5 C:\xampp\htdocs\lppd\vendor\codeigniter4\framework\system\CodeIgniter.php(825): App\Controllers\SyUser->index()
#6 C:\xampp\htdocs\lppd\vendor\codeigniter4\framework\system\CodeIgniter.php(412): CodeIgniter\CodeIgniter->runController(Object(App\Controllers\SyUser))
#7 C:\xampp\htdocs\lppd\vendor\codeigniter4\framework\system\CodeIgniter.php(320): CodeIgniter\CodeIgniter->handleRequest(NULL, Object(Config\Cache), false)
#8 C:\xampp\htdocs\lppd\public\index.php(37): CodeIgniter\CodeIgniter->run()
#9 {main}
