CRITICAL - 2022-03-29 22:46:27 --> Array to string conversion
#0 C:\xampp\htdocs\lppd\app\Views\laporan\output_keluaran.php(45): CodeIgniter\Debug\Exceptions->errorHandler(8, 'Array to string...', 'C:\\xampp\\htdocs...', 45, Array)
#1 C:\xampp\htdocs\lppd\vendor\codeigniter4\framework\system\View\View.php(210): include('C:\\xampp\\htdocs...')
#2 C:\xampp\htdocs\lppd\vendor\codeigniter4\framework\system\View\View.php(213): CodeIgniter\View\View->CodeIgniter\View\{closure}()
#3 C:\xampp\htdocs\lppd\vendor\codeigniter4\framework\system\Common.php(1089): CodeIgniter\View\View->render('laporan/output_...', Array, true)
#4 C:\xampp\htdocs\lppd\app\Controllers\Laporan.php(53): view('laporan/output_...', Array)
#5 C:\xampp\htdocs\lppd\vendor\codeigniter4\framework\system\CodeIgniter.php(825): App\Controllers\Laporan->outputKeluaran()
#6 C:\xampp\htdocs\lppd\vendor\codeigniter4\framework\system\CodeIgniter.php(412): CodeIgniter\CodeIgniter->runController(Object(App\Controllers\Laporan))
#7 C:\xampp\htdocs\lppd\vendor\codeigniter4\framework\system\CodeIgniter.php(320): CodeIgniter\CodeIgniter->handleRequest(NULL, Object(Config\Cache), false)
#8 C:\xampp\htdocs\lppd\public\index.php(37): CodeIgniter\CodeIgniter->run()
#9 {main}
CRITICAL - 2022-03-29 22:59:45 --> Trying to get property 'ikk' of non-object
#0 C:\xampp\htdocs\lppd\app\Views\laporan\output_keluaran.php(47): CodeIgniter\Debug\Exceptions->errorHandler(8, 'Trying to get p...', 'C:\\xampp\\htdocs...', 47, Array)
#1 C:\xampp\htdocs\lppd\vendor\codeigniter4\framework\system\View\View.php(210): include('C:\\xampp\\htdocs...')
#2 C:\xampp\htdocs\lppd\vendor\codeigniter4\framework\system\View\View.php(213): CodeIgniter\View\View->CodeIgniter\View\{closure}()
#3 C:\xampp\htdocs\lppd\vendor\codeigniter4\framework\system\Common.php(1089): CodeIgniter\View\View->render('laporan/output_...', Array, true)
#4 C:\xampp\htdocs\lppd\app\Controllers\Laporan.php(53): view('laporan/output_...', Array)
#5 C:\xampp\htdocs\lppd\vendor\codeigniter4\framework\system\CodeIgniter.php(825): App\Controllers\Laporan->outputKeluaran()
#6 C:\xampp\htdocs\lppd\vendor\codeigniter4\framework\system\CodeIgniter.php(412): CodeIgniter\CodeIgniter->runController(Object(App\Controllers\Laporan))
#7 C:\xampp\htdocs\lppd\vendor\codeigniter4\framework\system\CodeIgniter.php(320): CodeIgniter\CodeIgniter->handleRequest(NULL, Object(Config\Cache), false)
#8 C:\xampp\htdocs\lppd\public\index.php(37): CodeIgniter\CodeIgniter->run()
#9 {main}
CRITICAL - 2022-03-29 23:20:20 --> Undefined index: ikk
#0 C:\xampp\htdocs\lppd\app\Views\laporan\output_keluaran.php(47): CodeIgniter\Debug\Exceptions->errorHandler(8, 'Undefined index...', 'C:\\xampp\\htdocs...', 47, Array)
#1 C:\xampp\htdocs\lppd\vendor\codeigniter4\framework\system\View\View.php(210): include('C:\\xampp\\htdocs...')
#2 C:\xampp\htdocs\lppd\vendor\codeigniter4\framework\system\View\View.php(213): CodeIgniter\View\View->CodeIgniter\View\{closure}()
#3 C:\xampp\htdocs\lppd\vendor\codeigniter4\framework\system\Common.php(1089): CodeIgniter\View\View->render('laporan/output_...', Array, true)
#4 C:\xampp\htdocs\lppd\app\Controllers\Laporan.php(53): view('laporan/output_...', Array)
#5 C:\xampp\htdocs\lppd\vendor\codeigniter4\framework\system\CodeIgniter.php(825): App\Controllers\Laporan->outputKeluaran()
#6 C:\xampp\htdocs\lppd\vendor\codeigniter4\framework\system\CodeIgniter.php(412): CodeIgniter\CodeIgniter->runController(Object(App\Controllers\Laporan))
#7 C:\xampp\htdocs\lppd\vendor\codeigniter4\framework\system\CodeIgniter.php(320): CodeIgniter\CodeIgniter->handleRequest(NULL, Object(Config\Cache), false)
#8 C:\xampp\htdocs\lppd\public\index.php(37): CodeIgniter\CodeIgniter->run()
#9 {main}
CRITICAL - 2022-03-29 23:20:26 --> Trying to get property 'ikk' of non-object
#0 C:\xampp\htdocs\lppd\app\Views\laporan\output_keluaran.php(47): CodeIgniter\Debug\Exceptions->errorHandler(8, 'Trying to get p...', 'C:\\xampp\\htdocs...', 47, Array)
#1 C:\xampp\htdocs\lppd\vendor\codeigniter4\framework\system\View\View.php(210): include('C:\\xampp\\htdocs...')
#2 C:\xampp\htdocs\lppd\vendor\codeigniter4\framework\system\View\View.php(213): CodeIgniter\View\View->CodeIgniter\View\{closure}()
#3 C:\xampp\htdocs\lppd\vendor\codeigniter4\framework\system\Common.php(1089): CodeIgniter\View\View->render('laporan/output_...', Array, true)
#4 C:\xampp\htdocs\lppd\app\Controllers\Laporan.php(53): view('laporan/output_...', Array)
#5 C:\xampp\htdocs\lppd\vendor\codeigniter4\framework\system\CodeIgniter.php(825): App\Controllers\Laporan->outputKeluaran()
#6 C:\xampp\htdocs\lppd\vendor\codeigniter4\framework\system\CodeIgniter.php(412): CodeIgniter\CodeIgniter->runController(Object(App\Controllers\Laporan))
#7 C:\xampp\htdocs\lppd\vendor\codeigniter4\framework\system\CodeIgniter.php(320): CodeIgniter\CodeIgniter->handleRequest(NULL, Object(Config\Cache), false)
#8 C:\xampp\htdocs\lppd\public\index.php(37): CodeIgniter\CodeIgniter->run()
#9 {main}
CRITICAL - 2022-03-29 23:20:40 --> Undefined index: BB
#0 C:\xampp\htdocs\lppd\app\Views\laporan\output_keluaran.php(47): CodeIgniter\Debug\Exceptions->errorHandler(8, 'Undefined index...', 'C:\\xampp\\htdocs...', 47, Array)
#1 C:\xampp\htdocs\lppd\vendor\codeigniter4\framework\system\View\View.php(210): include('C:\\xampp\\htdocs...')
#2 C:\xampp\htdocs\lppd\vendor\codeigniter4\framework\system\View\View.php(213): CodeIgniter\View\View->CodeIgniter\View\{closure}()
#3 C:\xampp\htdocs\lppd\vendor\codeigniter4\framework\system\Common.php(1089): CodeIgniter\View\View->render('laporan/output_...', Array, true)
#4 C:\xampp\htdocs\lppd\app\Controllers\Laporan.php(53): view('laporan/output_...', Array)
#5 C:\xampp\htdocs\lppd\vendor\codeigniter4\framework\system\CodeIgniter.php(825): App\Controllers\Laporan->outputKeluaran()
#6 C:\xampp\htdocs\lppd\vendor\codeigniter4\framework\system\CodeIgniter.php(412): CodeIgniter\CodeIgniter->runController(Object(App\Controllers\Laporan))
#7 C:\xampp\htdocs\lppd\vendor\codeigniter4\framework\system\CodeIgniter.php(320): CodeIgniter\CodeIgniter->handleRequest(NULL, Object(Config\Cache), false)
#8 C:\xampp\htdocs\lppd\public\index.php(37): CodeIgniter\CodeIgniter->run()
#9 {main}
