CRITICAL - 2022-04-11 02:17:57 --> require(C:\xampp\htdocs\lppd\public\app/thirdParty/vendor/autoload.php): failed to open stream: No such file or directory
#0 C:\xampp\htdocs\lppd\app\Controllers\ReadExcel.php(5): CodeIgniter\Debug\Exceptions->errorHandler(2, 'require(C:\\xamp...', 'C:\\xampp\\htdocs...', 5, Array)
#1 C:\xampp\htdocs\lppd\app\Controllers\ReadExcel.php(5): require()
#2 C:\xampp\htdocs\lppd\vendor\codeigniter4\framework\system\Router\Router.php(518): include_once('C:\\xampp\\htdocs...')
#3 C:\xampp\htdocs\lppd\vendor\codeigniter4\framework\system\Router\Router.php(175): CodeIgniter\Router\Router->autoRoute('readExcel')
#4 C:\xampp\htdocs\lppd\vendor\codeigniter4\framework\system\CodeIgniter.php(719): CodeIgniter\Router\Router->handle('readExcel')
#5 C:\xampp\htdocs\lppd\vendor\codeigniter4\framework\system\CodeIgniter.php(361): CodeIgniter\CodeIgniter->tryToRouteIt(Object(CodeIgniter\Router\RouteCollection))
#6 C:\xampp\htdocs\lppd\vendor\codeigniter4\framework\system\CodeIgniter.php(320): CodeIgniter\CodeIgniter->handleRequest(NULL, Object(Config\Cache), false)
#7 C:\xampp\htdocs\lppd\public\index.php(37): CodeIgniter\CodeIgniter->run()
#8 {main}
CRITICAL - 2022-04-11 02:18:22 --> require(C:\xampp\htdocs\lppd\app\app/thirdParty/vendor/autoload.php): failed to open stream: No such file or directory
#0 C:\xampp\htdocs\lppd\app\Controllers\ReadExcel.php(5): CodeIgniter\Debug\Exceptions->errorHandler(2, 'require(C:\\xamp...', 'C:\\xampp\\htdocs...', 5, Array)
#1 C:\xampp\htdocs\lppd\app\Controllers\ReadExcel.php(5): require()
#2 C:\xampp\htdocs\lppd\vendor\codeigniter4\framework\system\Router\Router.php(518): include_once('C:\\xampp\\htdocs...')
#3 C:\xampp\htdocs\lppd\vendor\codeigniter4\framework\system\Router\Router.php(175): CodeIgniter\Router\Router->autoRoute('readExcel')
#4 C:\xampp\htdocs\lppd\vendor\codeigniter4\framework\system\CodeIgniter.php(719): CodeIgniter\Router\Router->handle('readExcel')
#5 C:\xampp\htdocs\lppd\vendor\codeigniter4\framework\system\CodeIgniter.php(361): CodeIgniter\CodeIgniter->tryToRouteIt(Object(CodeIgniter\Router\RouteCollection))
#6 C:\xampp\htdocs\lppd\vendor\codeigniter4\framework\system\CodeIgniter.php(320): CodeIgniter\CodeIgniter->handleRequest(NULL, Object(Config\Cache), false)
#7 C:\xampp\htdocs\lppd\public\index.php(37): CodeIgniter\CodeIgniter->run()
#8 {main}
CRITICAL - 2022-04-11 02:18:34 --> Undefined variable: content
#0 C:\xampp\htdocs\lppd\app\Views\readexcel\index_readexcel.php(13): CodeIgniter\Debug\Exceptions->errorHandler(8, 'Undefined varia...', 'C:\\xampp\\htdocs...', 13, Array)
#1 C:\xampp\htdocs\lppd\vendor\codeigniter4\framework\system\View\View.php(210): include('C:\\xampp\\htdocs...')
#2 C:\xampp\htdocs\lppd\vendor\codeigniter4\framework\system\View\View.php(213): CodeIgniter\View\View->CodeIgniter\View\{closure}()
#3 C:\xampp\htdocs\lppd\vendor\codeigniter4\framework\system\Common.php(1089): CodeIgniter\View\View->render('readexcel/index...', Array, true)
#4 C:\xampp\htdocs\lppd\app\Controllers\ReadExcel.php(20): view('readexcel/index...', Array)
#5 C:\xampp\htdocs\lppd\vendor\codeigniter4\framework\system\CodeIgniter.php(825): App\Controllers\ReadExcel->index()
#6 C:\xampp\htdocs\lppd\vendor\codeigniter4\framework\system\CodeIgniter.php(412): CodeIgniter\CodeIgniter->runController(Object(App\Controllers\ReadExcel))
#7 C:\xampp\htdocs\lppd\vendor\codeigniter4\framework\system\CodeIgniter.php(320): CodeIgniter\CodeIgniter->handleRequest(NULL, Object(Config\Cache), false)
#8 C:\xampp\htdocs\lppd\public\index.php(37): CodeIgniter\CodeIgniter->run()
#9 {main}
CRITICAL - 2022-04-11 02:18:48 --> Undefined variable: search
#0 C:\xampp\htdocs\lppd\app\Views\readexcel\index_readexcel.php(24): CodeIgniter\Debug\Exceptions->errorHandler(8, 'Undefined varia...', 'C:\\xampp\\htdocs...', 24, Array)
#1 C:\xampp\htdocs\lppd\vendor\codeigniter4\framework\system\View\View.php(210): include('C:\\xampp\\htdocs...')
#2 C:\xampp\htdocs\lppd\vendor\codeigniter4\framework\system\View\View.php(213): CodeIgniter\View\View->CodeIgniter\View\{closure}()
#3 C:\xampp\htdocs\lppd\vendor\codeigniter4\framework\system\Common.php(1089): CodeIgniter\View\View->render('readexcel/index...', Array, true)
#4 C:\xampp\htdocs\lppd\app\Controllers\ReadExcel.php(20): view('readexcel/index...', Array)
#5 C:\xampp\htdocs\lppd\vendor\codeigniter4\framework\system\CodeIgniter.php(825): App\Controllers\ReadExcel->index()
#6 C:\xampp\htdocs\lppd\vendor\codeigniter4\framework\system\CodeIgniter.php(412): CodeIgniter\CodeIgniter->runController(Object(App\Controllers\ReadExcel))
#7 C:\xampp\htdocs\lppd\vendor\codeigniter4\framework\system\CodeIgniter.php(320): CodeIgniter\CodeIgniter->handleRequest(NULL, Object(Config\Cache), false)
#8 C:\xampp\htdocs\lppd\public\index.php(37): CodeIgniter\CodeIgniter->run()
#9 {main}
CRITICAL - 2022-04-11 02:33:46 --> Allowed memory size of 536870912 bytes exhausted (tried to allocate 528384 bytes)
#0 [internal function]: CodeIgniter\Debug\Exceptions->shutdownHandler()
#1 {main}
CRITICAL - 2022-04-11 02:44:04 --> Allowed memory size of 536870912 bytes exhausted (tried to allocate 528384 bytes)
#0 [internal function]: CodeIgniter\Debug\Exceptions->shutdownHandler()
#1 {main}
CRITICAL - 2022-04-11 03:01:37 --> Allowed memory size of 536870912 bytes exhausted (tried to allocate 528384 bytes)
#0 [internal function]: CodeIgniter\Debug\Exceptions->shutdownHandler()
#1 {main}
ERROR - 2022-04-11 19:40:21 --> Error connecting to the database: No connection could be made because the target machine actively refused it.

CRITICAL - 2022-04-11 19:40:21 --> Unable to connect to the database.
Main connection [MySQLi]: No connection could be made because the target machine actively refused it.

#0 C:\xampp\htdocs\lppd\vendor\codeigniter4\framework\system\Database\BaseConnection.php(577): CodeIgniter\Database\BaseConnection->initialize()
#1 C:\xampp\htdocs\lppd\vendor\codeigniter4\framework\system\Database\BaseBuilder.php(1539): CodeIgniter\Database\BaseConnection->query('SELECT COUNT(*)...', Array, false)
#2 C:\xampp\htdocs\lppd\vendor\codeigniter4\framework\system\Model.php(509): CodeIgniter\Database\BaseBuilder->countAllResults(false)
#3 C:\xampp\htdocs\lppd\vendor\codeigniter4\framework\system\BaseModel.php(1084): CodeIgniter\Model->countAllResults(false)
#4 C:\xampp\htdocs\lppd\app\Controllers\Urusan.php(49): CodeIgniter\BaseModel->paginate(5)
#5 C:\xampp\htdocs\lppd\vendor\codeigniter4\framework\system\CodeIgniter.php(825): App\Controllers\Urusan->index()
#6 C:\xampp\htdocs\lppd\vendor\codeigniter4\framework\system\CodeIgniter.php(412): CodeIgniter\CodeIgniter->runController(Object(App\Controllers\Urusan))
#7 C:\xampp\htdocs\lppd\vendor\codeigniter4\framework\system\CodeIgniter.php(320): CodeIgniter\CodeIgniter->handleRequest(NULL, Object(Config\Cache), false)
#8 C:\xampp\htdocs\lppd\public\index.php(37): CodeIgniter\CodeIgniter->run()
#9 {main}
